#
# There is insufficient memory for the Java Runtime Environment to continue.
# Native memory allocation (malloc) failed to allocate 716176 bytes for Chunk::new
# Possible reasons:
#   The system is out of physical RAM or swap space
#   The process is running with CompressedOops enabled, and the Java Heap may be blocking the growth of the native heap
# Possible solutions:
#   Reduce memory load on the system
#   Increase physical memory or swap space
#   Check if swap backing store is full
#   Decrease Java heap size (-Xmx/-Xms)
#   Decrease number of Java threads
#   Decrease Java thread stack sizes (-Xss)
#   Set larger code cache with -XX:ReservedCodeCacheSize=
#   JVM is running with Unscaled Compressed Oops mode in which the Java heap is
#     placed in the first 4GB address space. The Java Heap base address is the
#     maximum limit for the native heap growth. Please use -XX:HeapBaseMinAddress
#     to set the Java Heap base and to place the Java Heap above 4GB virtual address.
# This output file may be truncated or incomplete.
#
#  Out of Memory Error (arena.cpp:184), pid=8744, tid=13648
#
# JRE version: Java(TM) SE Runtime Environment (19.0.2+7) (build 19.0.2+7-44)
# Java VM: Java HotSpot(TM) 64-Bit Server VM (19.0.2+7-44, mixed mode, sharing, tiered, compressed oops, compressed class ptrs, g1 gc, windows-amd64)
# No core dump will be written. Minidumps are not enabled by default on client versions of Windows
#

---------------  S U M M A R Y ------------

Command Line: -XX:MaxMetaspaceSize=512m --add-opens=java.base/java.util=ALL-UNNAMED --add-opens=java.base/java.lang=ALL-UNNAMED --add-opens=java.base/java.lang.invoke=ALL-UNNAMED --add-opens=java.prefs/java.util.prefs=ALL-UNNAMED --add-opens=java.base/java.nio.charset=ALL-UNNAMED --add-opens=java.base/java.net=ALL-UNNAMED --add-opens=java.base/java.util.concurrent.atomic=ALL-UNNAMED -Xmx2048m -Dfile.encoding=UTF-8 -Duser.country=IN -Duser.language=en -Duser.variant org.gradle.launcher.daemon.bootstrap.GradleDaemon 8.0.1

Host: Intel(R) Core(TM) i5-7200U CPU @ 2.50GHz, 4 cores, 7G,  Windows 10 , 64 bit Build 19041 (10.0.19041.2788)
Time: Mon Aug 14 14:16:35 2023 India Standard Time elapsed time: 99.063582 seconds (0d 0h 1m 39s)

---------------  T H R E A D  ---------------

Current thread (0x000001b22454a0a0):  JavaThread "C2 CompilerThread0" daemon [_thread_in_native, id=13648, stack(0x0000000a6c300000,0x0000000a6c400000)]


Current CompileTask:
C2:  99063 14835       4       com.google.common.reflect.TypeResolver::resolveType (74 bytes)

Stack: [0x0000000a6c300000,0x0000000a6c400000]
Native frames: (J=compiled Java code, j=interpreted, Vv=VM code, C=native code)
V  [jvm.dll+0x6ee21a]
V  [jvm.dll+0x85765e]
V  [jvm.dll+0x85904e]
V  [jvm.dll+0x859703]
V  [jvm.dll+0x28298f]
V  [jvm.dll+0xc9adf]
V  [jvm.dll+0xc9e65]
V  [jvm.dll+0x2f7caf]
V  [jvm.dll+0x5f076b]
V  [jvm.dll+0x25590c]
V  [jvm.dll+0x24e1a7]
V  [jvm.dll+0x24b673]
V  [jvm.dll+0x1d6ce1]
V  [jvm.dll+0x25b25a]
V  [jvm.dll+0x2596e8]
V  [jvm.dll+0x807588]
V  [jvm.dll+0x80125a]
V  [jvm.dll+0x6ecf0b]
C  [ucrtbase.dll+0x21bb2]
C  [KERNEL32.DLL+0x17604]
C  [ntdll.dll+0x526a1]


---------------  P R O C E S S  ---------------

Threads class SMR info:
_java_thread_list=0x000001b22aafdd90, length=91, elements={
0x000001b20650db70, 0x000001b224542e30, 0x000001b2245441c0, 0x000001b224547690,
0x000001b2245481e0, 0x000001b224548b10, 0x000001b224549440, 0x000001b22454a0a0,
0x000001b22454d1c0, 0x000001b224553f80, 0x000001b2288c85c0, 0x000001b2288d7340,
0x000001b22a4c8300, 0x000001b22a153d60, 0x000001b229e13370, 0x000001b2299b4950,
0x000001b229c22690, 0x000001b22a04f0e0, 0x000001b229c23370, 0x000001b228d64a60,
0x000001b228d62a80, 0x000001b228d65500, 0x000001b228d61fe0, 0x000001b228d62530,
0x000001b228d63a70, 0x000001b228d63fc0, 0x000001b228d62fd0, 0x000001b228d64510,
0x000001b22a297ab0, 0x000001b22a298ff0, 0x000001b22a298000, 0x000001b22a296ac0,
0x000001b22a298550, 0x000001b22a296020, 0x000001b22a299540, 0x000001b22a29d500,
0x000001b22a299a90, 0x000001b22a29da50, 0x000001b22a299fe0, 0x000001b22a296570,
0x000001b22a298aa0, 0x000001b22a29a530, 0x000001b22a297010, 0x000001b22a29aa80,
0x000001b22a29afd0, 0x000001b22a29b520, 0x000001b22a29ba70, 0x000001b22a29bfc0,
0x000001b22a29c510, 0x000001b22a29ca60, 0x000001b22a7348b0, 0x000001b22a733370,
0x000001b22a72fe50, 0x000001b22a737330, 0x000001b22a735350, 0x000001b22a736890,
0x000001b22a7338c0, 0x000001b22a7303a0, 0x000001b22a7308f0, 0x000001b22a7328d0,
0x000001b22a734360, 0x000001b22a732e20, 0x000001b22a733e10, 0x000001b22a736de0,
0x000001b22a730e40, 0x000001b22a734e00, 0x000001b22a736340, 0x000001b22a7318e0,
0x000001b22a732380, 0x000001b22de50070, 0x000001b22de505c0, 0x000001b22de52af0,
0x000001b22de4e5e0, 0x000001b22de54030, 0x000001b22de53040, 0x000001b22de525a0,
0x000001b22de50b10, 0x000001b22de4db40, 0x000001b22de51060, 0x000001b22de4fb20,
0x000001b22de53590, 0x000001b22de4cb50, 0x000001b22de4eb30, 0x000001b22de53ae0,
0x000001b22de4f080, 0x000001b22de4c600, 0x000001b22e468960, 0x000001b22e46b3e0,
0x000001b22e467ec0, 0x000001b22e46b930, 0x000001b22d39d320
}

Java Threads: ( => current thread )
  0x000001b20650db70 JavaThread "main" [_thread_blocked, id=1268, stack(0x0000000a6b600000,0x0000000a6b700000)]
  0x000001b224542e30 JavaThread "Reference Handler" daemon [_thread_blocked, id=6976, stack(0x0000000a6bd00000,0x0000000a6be00000)]
  0x000001b2245441c0 JavaThread "Finalizer" daemon [_thread_blocked, id=7668, stack(0x0000000a6be00000,0x0000000a6bf00000)]
  0x000001b224547690 JavaThread "Signal Dispatcher" daemon [_thread_blocked, id=12812, stack(0x0000000a6bf00000,0x0000000a6c000000)]
  0x000001b2245481e0 JavaThread "Attach Listener" daemon [_thread_blocked, id=7424, stack(0x0000000a6c000000,0x0000000a6c100000)]
  0x000001b224548b10 JavaThread "Service Thread" daemon [_thread_blocked, id=13500, stack(0x0000000a6c100000,0x0000000a6c200000)]
  0x000001b224549440 JavaThread "Monitor Deflation Thread" daemon [_thread_blocked, id=10368, stack(0x0000000a6c200000,0x0000000a6c300000)]
=>0x000001b22454a0a0 JavaThread "C2 CompilerThread0" daemon [_thread_in_native, id=13648, stack(0x0000000a6c300000,0x0000000a6c400000)]
  0x000001b22454d1c0 JavaThread "C1 CompilerThread0" daemon [_thread_blocked, id=13288, stack(0x0000000a6c400000,0x0000000a6c500000)]
  0x000001b224553f80 JavaThread "Sweeper thread" daemon [_thread_blocked, id=9808, stack(0x0000000a6c500000,0x0000000a6c600000)]
  0x000001b2288c85c0 JavaThread "Common-Cleaner" daemon [_thread_blocked, id=4948, stack(0x0000000a6c600000,0x0000000a6c700000)]
  0x000001b2288d7340 JavaThread "Notification Thread" daemon [_thread_blocked, id=14188, stack(0x0000000a6c700000,0x0000000a6c800000)]
  0x000001b22a4c8300 JavaThread "Daemon health stats" [_thread_blocked, id=5752, stack(0x0000000a6cd00000,0x0000000a6ce00000)]
  0x000001b22a153d60 JavaThread "Incoming local TCP Connector on port 55319" [_thread_in_native, id=1908, stack(0x0000000a6cc00000,0x0000000a6cd00000)]
  0x000001b229e13370 JavaThread "Daemon periodic checks" [_thread_blocked, id=9304, stack(0x0000000a6ce00000,0x0000000a6cf00000)]
  0x000001b2299b4950 JavaThread "Daemon" [_thread_blocked, id=9380, stack(0x0000000a6d000000,0x0000000a6d100000)]
  0x000001b229c22690 JavaThread "Handler for socket connection from /127.0.0.1:55319 to /127.0.0.1:55320" [_thread_in_native, id=7496, stack(0x0000000a6d100000,0x0000000a6d200000)]
  0x000001b22a04f0e0 JavaThread "Cancel handler" [_thread_blocked, id=13496, stack(0x0000000a6cf00000,0x0000000a6d000000)]
  0x000001b229c23370 JavaThread "Daemon worker" [_thread_blocked, id=8532, stack(0x0000000a6d200000,0x0000000a6d300000)]
  0x000001b228d64a60 JavaThread "Asynchronous log dispatcher for DefaultDaemonConnection: socket connection from /127.0.0.1:55319 to /127.0.0.1:55320" [_thread_blocked, id=1288, stack(0x0000000a6d300000,0x0000000a6d400000)]
  0x000001b228d62a80 JavaThread "Daemon client event forwarder" [_thread_blocked, id=2708, stack(0x0000000a6d500000,0x0000000a6d600000)]
  0x000001b228d65500 JavaThread "Cache worker for journal cache (C:\Users\Vishwanath Naik\.gradle\caches\journal-1)" [_thread_blocked, id=12080, stack(0x0000000a6d600000,0x0000000a6d700000)]
  0x000001b228d61fe0 JavaThread "File lock request listener" [_thread_in_native, id=14044, stack(0x0000000a6d700000,0x0000000a6d800000)]
  0x000001b228d62530 JavaThread "Cache worker for file hash cache (C:\Users\Vishwanath Naik\.gradle\caches\8.0.1\fileHashes)" [_thread_blocked, id=11088, stack(0x0000000a6d900000,0x0000000a6da00000)]
  0x000001b228d63a70 JavaThread "File watcher server" daemon [_thread_in_native, id=11268, stack(0x0000000a6da00000,0x0000000a6db00000)]
  0x000001b228d63fc0 JavaThread "File watcher consumer" daemon [_thread_blocked, id=9964, stack(0x0000000a6db00000,0x0000000a6dc00000)]
  0x000001b228d62fd0 JavaThread "Cache worker for checksums cache (D:\AAV\aMentor-backend\mentorproject\mentor\android\.gradle\8.0.1\checksums)" [_thread_blocked, id=10376, stack(0x0000000a6dc00000,0x0000000a6dd00000)]
  0x000001b228d64510 JavaThread "Cache worker for cache directory md-rule (C:\Users\Vishwanath Naik\.gradle\caches\8.0.1\md-rule)" [_thread_blocked, id=7284, stack(0x0000000a6dd00000,0x0000000a6de00000)]
  0x000001b22a297ab0 JavaThread "Cache worker for file content cache (C:\Users\Vishwanath Naik\.gradle\caches\8.0.1\fileContent)" [_thread_blocked, id=9672, stack(0x0000000a6de00000,0x0000000a6df00000)]
  0x000001b22a298ff0 JavaThread "Cache worker for file hash cache (D:\AAV\aMentor-backend\mentorproject\mentor\android\.gradle\8.0.1\fileHashes)" [_thread_blocked, id=2816, stack(0x0000000a6df00000,0x0000000a6e000000)]
  0x000001b22a298000 JavaThread "Cache worker for cache directory md-supplier (C:\Users\Vishwanath Naik\.gradle\caches\8.0.1\md-supplier)" [_thread_blocked, id=7328, stack(0x0000000a6e000000,0x0000000a6e100000)]
  0x000001b22a296ac0 JavaThread "Cache worker for execution history cache (C:\Users\Vishwanath Naik\.gradle\caches\8.0.1\executionHistory)" [_thread_blocked, id=2532, stack(0x0000000a6d800000,0x0000000a6d900000)]
  0x000001b22a298550 JavaThread "jar transforms" [_thread_blocked, id=4044, stack(0x0000000a6e200000,0x0000000a6e300000)]
  0x000001b22a296020 JavaThread "jar transforms Thread 2" [_thread_blocked, id=13740, stack(0x0000000a6e300000,0x0000000a6e400000)]
  0x000001b22a299540 JavaThread "jar transforms Thread 3" [_thread_blocked, id=3448, stack(0x0000000a6e100000,0x0000000a6e200000)]
  0x000001b22a29d500 JavaThread "jar transforms Thread 4" [_thread_blocked, id=8644, stack(0x0000000a6e500000,0x0000000a6e600000)]
  0x000001b22a299a90 JavaThread "Cache worker for kotlin-dsl (C:\Users\Vishwanath Naik\.gradle\caches\8.0.1\kotlin-dsl)" [_thread_blocked, id=2204, stack(0x0000000a6e600000,0x0000000a6e700000)]
  0x000001b22a29da50 JavaThread "Cache worker for dependencies-accessors (D:\AAV\aMentor-backend\mentorproject\mentor\android\.gradle\8.0.1\dependencies-accessors)" [_thread_blocked, id=13252, stack(0x0000000a6e400000,0x0000000a6e500000)]
  0x000001b22a299fe0 JavaThread "Cache worker for Build Output Cleanup Cache (D:\AAV\aMentor-backend\mentorproject\mentor\node_modules\@react-native\gradle-plugin\.gradle\buildOutputCleanup)" [_thread_blocked, id=7332, stack(0x0000000a6e700000,0x0000000a6e800000)]
  0x000001b22a296570 JavaThread "Unconstrained build operations" [_thread_blocked, id=1480, stack(0x0000000a6ea00000,0x0000000a6eb00000)]
  0x000001b22a298aa0 JavaThread "Unconstrained build operations Thread 2" [_thread_blocked, id=7408, stack(0x0000000a6eb00000,0x0000000a6ec00000)]
  0x000001b22a29a530 JavaThread "Unconstrained build operations Thread 3" [_thread_blocked, id=12772, stack(0x0000000a6ec00000,0x0000000a6ed00000)]
  0x000001b22a297010 JavaThread "Unconstrained build operations Thread 4" [_thread_blocked, id=6500, stack(0x0000000a6ed00000,0x0000000a6ee00000)]
  0x000001b22a29aa80 JavaThread "Unconstrained build operations Thread 5" [_thread_blocked, id=14196, stack(0x0000000a6ee00000,0x0000000a6ef00000)]
  0x000001b22a29afd0 JavaThread "Unconstrained build operations Thread 6" [_thread_blocked, id=12492, stack(0x0000000a6ef00000,0x0000000a6f000000)]
  0x000001b22a29b520 JavaThread "Unconstrained build operations Thread 7" [_thread_blocked, id=12144, stack(0x0000000a6f000000,0x0000000a6f100000)]
  0x000001b22a29ba70 JavaThread "Unconstrained build operations Thread 8" [_thread_blocked, id=11376, stack(0x0000000a6f100000,0x0000000a6f200000)]
  0x000001b22a29bfc0 JavaThread "Unconstrained build operations Thread 9" [_thread_blocked, id=11628, stack(0x0000000a6f200000,0x0000000a6f300000)]
  0x000001b22a29c510 JavaThread "Unconstrained build operations Thread 10" [_thread_blocked, id=13080, stack(0x0000000a6f300000,0x0000000a6f400000)]
  0x000001b22a29ca60 JavaThread "Unconstrained build operations Thread 11" [_thread_blocked, id=9288, stack(0x0000000a6f400000,0x0000000a6f500000)]
  0x000001b22a7348b0 JavaThread "Unconstrained build operations Thread 12" [_thread_blocked, id=5884, stack(0x0000000a6f500000,0x0000000a6f600000)]
  0x000001b22a733370 JavaThread "Unconstrained build operations Thread 13" [_thread_blocked, id=6912, stack(0x0000000a6f600000,0x0000000a6f700000)]
  0x000001b22a72fe50 JavaThread "Unconstrained build operations Thread 14" [_thread_blocked, id=1344, stack(0x0000000a6f700000,0x0000000a6f800000)]
  0x000001b22a737330 JavaThread "Unconstrained build operations Thread 15" [_thread_blocked, id=4472, stack(0x0000000a6f800000,0x0000000a6f900000)]
  0x000001b22a735350 JavaThread "Unconstrained build operations Thread 16" [_thread_blocked, id=12436, stack(0x0000000a6f900000,0x0000000a6fa00000)]
  0x000001b22a736890 JavaThread "Unconstrained build operations Thread 17" [_thread_blocked, id=9900, stack(0x0000000a6fa00000,0x0000000a6fb00000)]
  0x000001b22a7338c0 JavaThread "Unconstrained build operations Thread 18" [_thread_blocked, id=5552, stack(0x0000000a6fb00000,0x0000000a6fc00000)]
  0x000001b22a7303a0 JavaThread "Unconstrained build operations Thread 19" [_thread_blocked, id=9040, stack(0x0000000a6fc00000,0x0000000a6fd00000)]
  0x000001b22a7308f0 JavaThread "Unconstrained build operations Thread 20" [_thread_blocked, id=6116, stack(0x0000000a6fd00000,0x0000000a6fe00000)]
  0x000001b22a7328d0 JavaThread "Unconstrained build operations Thread 21" [_thread_blocked, id=644, stack(0x0000000a6fe00000,0x0000000a6ff00000)]
  0x000001b22a734360 JavaThread "Unconstrained build operations Thread 22" [_thread_blocked, id=4520, stack(0x0000000a6ff00000,0x0000000a70000000)]
  0x000001b22a732e20 JavaThread "Unconstrained build operations Thread 23" [_thread_blocked, id=2136, stack(0x0000000a70000000,0x0000000a70100000)]
  0x000001b22a733e10 JavaThread "Unconstrained build operations Thread 24" [_thread_blocked, id=9612, stack(0x0000000a70100000,0x0000000a70200000)]
  0x000001b22a736de0 JavaThread "Unconstrained build operations Thread 25" [_thread_blocked, id=3940, stack(0x0000000a70200000,0x0000000a70300000)]
  0x000001b22a730e40 JavaThread "Unconstrained build operations Thread 26" [_thread_blocked, id=7576, stack(0x0000000a70300000,0x0000000a70400000)]
  0x000001b22a734e00 JavaThread "Memory manager" [_thread_blocked, id=6688, stack(0x0000000a70500000,0x0000000a70600000)]
  0x000001b22a736340 JavaThread "Cache worker for Build Output Cleanup Cache (D:\AAV\aMentor-backend\mentorproject\mentor\android\.gradle\buildOutputCleanup)" [_thread_blocked, id=8040, stack(0x0000000a70600000,0x0000000a70700000)]
  0x000001b22a7318e0 JavaThread "included builds" [_thread_blocked, id=1320, stack(0x0000000a70700000,0x0000000a70800000)]
  0x000001b22a732380 JavaThread "Execution worker" [_thread_blocked, id=11660, stack(0x0000000a70800000,0x0000000a70900000)]
  0x000001b22de50070 JavaThread "Execution worker Thread 2" [_thread_in_Java, id=12044, stack(0x0000000a70900000,0x0000000a70a00000)]
  0x000001b22de505c0 JavaThread "Execution worker Thread 3" [_thread_blocked, id=11164, stack(0x0000000a70a00000,0x0000000a70b00000)]
  0x000001b22de52af0 JavaThread "Cache worker for execution history cache (D:\AAV\aMentor-backend\mentorproject\mentor\node_modules\@react-native\gradle-plugin\.gradle\8.0.1\executionHistory)" [_thread_blocked, id=2820, stack(0x0000000a70b00000,0x0000000a70c00000)]
  0x000001b22de4e5e0 JavaThread "Unconstrained build operations Thread 27" [_thread_blocked, id=3456, stack(0x0000000a70400000,0x0000000a70500000)]
  0x000001b22de54030 JavaThread "Unconstrained build operations Thread 28" [_thread_blocked, id=5352, stack(0x0000000a70c00000,0x0000000a70d00000)]
  0x000001b22de53040 JavaThread "Unconstrained build operations Thread 29" [_thread_blocked, id=12240, stack(0x0000000a70d00000,0x0000000a70e00000)]
  0x000001b22de525a0 JavaThread "Unconstrained build operations Thread 30" [_thread_blocked, id=2632, stack(0x0000000a70e00000,0x0000000a70f00000)]
  0x000001b22de50b10 JavaThread "Unconstrained build operations Thread 31" [_thread_blocked, id=9620, stack(0x0000000a70f00000,0x0000000a71000000)]
  0x000001b22de4db40 JavaThread "Unconstrained build operations Thread 32" [_thread_blocked, id=11980, stack(0x0000000a71000000,0x0000000a71100000)]
  0x000001b22de51060 JavaThread "Unconstrained build operations Thread 33" [_thread_blocked, id=6680, stack(0x0000000a71100000,0x0000000a71200000)]
  0x000001b22de4fb20 JavaThread "Unconstrained build operations Thread 34" [_thread_blocked, id=14312, stack(0x0000000a71200000,0x0000000a71300000)]
  0x000001b22de53590 JavaThread "Unconstrained build operations Thread 35" [_thread_blocked, id=6124, stack(0x0000000a71300000,0x0000000a71400000)]
  0x000001b22de4cb50 JavaThread "Unconstrained build operations Thread 36" [_thread_blocked, id=11280, stack(0x0000000a71400000,0x0000000a71500000)]
  0x000001b22de4eb30 JavaThread "Unconstrained build operations Thread 37" [_thread_blocked, id=6580, stack(0x0000000a71500000,0x0000000a71600000)]
  0x000001b22de53ae0 JavaThread "Unconstrained build operations Thread 38" [_thread_blocked, id=2412, stack(0x0000000a71600000,0x0000000a71700000)]
  0x000001b22de4f080 JavaThread "Unconstrained build operations Thread 39" [_thread_blocked, id=11968, stack(0x0000000a71700000,0x0000000a71800000)]
  0x000001b22de4c600 JavaThread "Unconstrained build operations Thread 40" [_thread_blocked, id=12440, stack(0x0000000a71800000,0x0000000a71900000)]
  0x000001b22e468960 JavaThread "File lock release action executor" [_thread_blocked, id=4908, stack(0x0000000a6b300000,0x0000000a6b400000)]
  0x000001b22e46b3e0 JavaThread "pool-3-thread-1" [_thread_blocked, id=9748, stack(0x0000000a6b500000,0x0000000a6b600000)]
  0x000001b22e467ec0 JavaThread "build event listener" [_thread_blocked, id=9668, stack(0x0000000a6d400000,0x0000000a6d500000)]
  0x000001b22e46b930 JavaThread "Cache worker for execution history cache (D:\AAV\aMentor-backend\mentorproject\mentor\android\.gradle\8.0.1\executionHistory)" [_thread_blocked, id=2388, stack(0x0000000a6b400000,0x0000000a6b500000)]
  0x000001b22d39d320 JavaThread "C2 CompilerThread1" daemon [_thread_in_native, id=13616, stack(0x0000000a71900000,0x0000000a71a00000)]

Other Threads:
  0x000001b224528a90 VMThread "VM Thread" [stack: 0x0000000a6bc00000,0x0000000a6bd00000] [id=9108]
  0x000001b2288db8a0 WatcherThread "VM Periodic Task Thread" [stack: 0x0000000a6c800000,0x0000000a6c900000] [id=7096]
  0x000001b20656e310 WorkerThread "GC Thread#0" [stack: 0x0000000a6b700000,0x0000000a6b800000] [id=14160]
  0x000001b228bded10 WorkerThread "GC Thread#1" [stack: 0x0000000a6ca00000,0x0000000a6cb00000] [id=11804]
  0x000001b228bdefe0 WorkerThread "GC Thread#2" [stack: 0x0000000a6cb00000,0x0000000a6cc00000] [id=9592]
  0x000001b22930cab0 WorkerThread "GC Thread#3" [stack: 0x0000000a6c900000,0x0000000a6ca00000] [id=7564]
  0x000001b206580330 ConcurrentGCThread "G1 Main Marker" [stack: 0x0000000a6b800000,0x0000000a6b900000] [id=11624]
  0x000001b206581410 WorkerThread "G1 Conc#0" [stack: 0x0000000a6b900000,0x0000000a6ba00000] [id=3960]
  0x000001b2065de7a0 ConcurrentGCThread "G1 Refine#0" [stack: 0x0000000a6ba00000,0x0000000a6bb00000] [id=4180]
  0x000001b2243e7240 ConcurrentGCThread "G1 Service" [stack: 0x0000000a6bb00000,0x0000000a6bc00000] [id=5212]

Threads with active compile tasks:
C2 CompilerThread0    99126 14835       4       com.google.common.reflect.TypeResolver::resolveType (74 bytes)
C1 CompilerThread0    99126 14887       3       java.util.EnumMap::get (29 bytes)
C2 CompilerThread1    99126 14834  s    4       com.android.build.api.artifact.impl.TypedStorageProvider::getArtifact$gradle_core (80 bytes)

VM state: not at safepoint (normal execution)

VM Mutex/Monitor currently owned by a thread: None

Heap address: 0x0000000080000000, size: 2048 MB, Compressed Oops mode: 32-bit

CDS archive(s) mapped at: [0x0000000800000000-0x0000000800c40000-0x0000000800c40000), size 12845056, SharedBaseAddress: 0x0000000800000000, ArchiveRelocationMode: 0.
Compressed class space mapped at: 0x0000000801000000-0x000000081ac00000, reserved size: 432013312
Narrow klass base: 0x0000000800000000, Narrow klass shift: 0, Narrow klass range: 0x100000000

GC Precious Log:
 CardTable entry size: 512
 Card Set container configuration: InlinePtr #cards 5 size 8 Array Of Cards #cards 12 size 40 Howl #buckets 4 coarsen threshold 1843 Howl Bitmap #cards 512 size 80 coarsen threshold 460 Card regions per heap region 1 cards per card region 2048
 CPUs: 4 total, 4 available
 Memory: 8077M
 Large Page Support: Disabled
 NUMA Support: Disabled
 Compressed Oops: Enabled (32-bit)
 Heap Region Size: 1M
 Heap Min Capacity: 8M
 Heap Initial Capacity: 128M
 Heap Max Capacity: 2G
 Pre-touch: Disabled
 Parallel Workers: 4
 Concurrent Workers: 1
 Concurrent Refinement Workers: 4
 Periodic GC: Disabled

Heap:
 garbage-first heap   total 244736K, used 187951K [0x0000000080000000, 0x0000000100000000)
  region size 1024K, 6 young (6144K), 4 survivors (4096K)
 Metaspace       used 110010K, committed 112384K, reserved 552960K
  class space    used 14678K, committed 15872K, reserved 421888K

Heap Regions: E=young(eden), S=young(survivor), O=old, HS=humongous(starts), HC=humongous(continues), CS=collection set, F=free, OA=open archive, CA=closed archive, TAMS=top-at-mark-start (previous, next)
|   0|0x0000000080000000, 0x0000000080100000, 0x0000000080100000|100%| O|  |TAMS 0x0000000080100000, 0x0000000080000000| Untracked 
|   1|0x0000000080100000, 0x0000000080200000, 0x0000000080200000|100%| O|  |TAMS 0x0000000080200000, 0x0000000080100000| Untracked 
|   2|0x0000000080200000, 0x0000000080300000, 0x0000000080300000|100%|HS|  |TAMS 0x0000000080300000, 0x0000000080200000| Complete 
|   3|0x0000000080300000, 0x0000000080400000, 0x0000000080400000|100%|HC|  |TAMS 0x0000000080400000, 0x0000000080300000| Complete 
|   4|0x0000000080400000, 0x0000000080500000, 0x0000000080500000|100%|HC|  |TAMS 0x0000000080500000, 0x0000000080400000| Complete 
|   5|0x0000000080500000, 0x0000000080600000, 0x0000000080600000|100%|HC|  |TAMS 0x0000000080600000, 0x0000000080500000| Complete 
|   6|0x0000000080600000, 0x0000000080700000, 0x0000000080700000|100%| O|  |TAMS 0x0000000080700000, 0x0000000080600000| Untracked 
|   7|0x0000000080700000, 0x0000000080800000, 0x0000000080800000|100%| O|  |TAMS 0x0000000080800000, 0x0000000080700000| Untracked 
|   8|0x0000000080800000, 0x0000000080900000, 0x0000000080900000|100%| O|  |TAMS 0x0000000080900000, 0x0000000080800000| Untracked 
|   9|0x0000000080900000, 0x0000000080a00000, 0x0000000080a00000|100%| O|  |TAMS 0x0000000080a00000, 0x0000000080900000| Untracked 
|  10|0x0000000080a00000, 0x0000000080b00000, 0x0000000080b00000|100%| O|  |TAMS 0x0000000080b00000, 0x0000000080a00000| Untracked 
|  11|0x0000000080b00000, 0x0000000080c00000, 0x0000000080c00000|100%| O|  |TAMS 0x0000000080c00000, 0x0000000080b00000| Untracked 
|  12|0x0000000080c00000, 0x0000000080d00000, 0x0000000080d00000|100%| O|  |TAMS 0x0000000080d00000, 0x0000000080c00000| Untracked 
|  13|0x0000000080d00000, 0x0000000080e00000, 0x0000000080e00000|100%| O|  |TAMS 0x0000000080e00000, 0x0000000080d00000| Untracked 
|  14|0x0000000080e00000, 0x0000000080f00000, 0x0000000080f00000|100%| O|  |TAMS 0x0000000080f00000, 0x0000000080e00000| Untracked 
|  15|0x0000000080f00000, 0x0000000081000000, 0x0000000081000000|100%| O|  |TAMS 0x0000000081000000, 0x0000000080f00000| Untracked 
|  16|0x0000000081000000, 0x0000000081100000, 0x0000000081100000|100%| O|  |TAMS 0x0000000081100000, 0x0000000081000000| Untracked 
|  17|0x0000000081100000, 0x0000000081200000, 0x0000000081200000|100%| O|  |TAMS 0x0000000081200000, 0x0000000081100000| Untracked 
|  18|0x0000000081200000, 0x0000000081300000, 0x0000000081300000|100%| O|  |TAMS 0x0000000081300000, 0x0000000081200000| Untracked 
|  19|0x0000000081300000, 0x0000000081400000, 0x0000000081400000|100%| O|  |TAMS 0x0000000081400000, 0x0000000081300000| Untracked 
|  20|0x0000000081400000, 0x0000000081500000, 0x0000000081500000|100%| O|  |TAMS 0x0000000081500000, 0x0000000081400000| Untracked 
|  21|0x0000000081500000, 0x0000000081600000, 0x0000000081600000|100%| O|  |TAMS 0x0000000081600000, 0x0000000081500000| Untracked 
|  22|0x0000000081600000, 0x0000000081700000, 0x0000000081700000|100%| O|  |TAMS 0x0000000081700000, 0x0000000081600000| Untracked 
|  23|0x0000000081700000, 0x0000000081800000, 0x0000000081800000|100%| O|  |TAMS 0x0000000081800000, 0x0000000081700000| Untracked 
|  24|0x0000000081800000, 0x0000000081900000, 0x0000000081900000|100%| O|  |TAMS 0x0000000081900000, 0x0000000081800000| Untracked 
|  25|0x0000000081900000, 0x0000000081a00000, 0x0000000081a00000|100%| O|  |TAMS 0x0000000081a00000, 0x0000000081900000| Untracked 
|  26|0x0000000081a00000, 0x0000000081b00000, 0x0000000081b00000|100%| O|  |TAMS 0x0000000081b00000, 0x0000000081a00000| Untracked 
|  27|0x0000000081b00000, 0x0000000081c00000, 0x0000000081c00000|100%| O|  |TAMS 0x0000000081c00000, 0x0000000081b00000| Untracked 
|  28|0x0000000081c00000, 0x0000000081d00000, 0x0000000081d00000|100%| O|  |TAMS 0x0000000081d00000, 0x0000000081c00000| Untracked 
|  29|0x0000000081d00000, 0x0000000081e00000, 0x0000000081e00000|100%| O|  |TAMS 0x0000000081e00000, 0x0000000081d00000| Untracked 
|  30|0x0000000081e00000, 0x0000000081f00000, 0x0000000081f00000|100%| O|  |TAMS 0x0000000081f00000, 0x0000000081e00000| Untracked 
|  31|0x0000000081f00000, 0x0000000082000000, 0x0000000082000000|100%| O|  |TAMS 0x0000000082000000, 0x0000000081f00000| Untracked 
|  32|0x0000000082000000, 0x0000000082100000, 0x0000000082100000|100%| O|  |TAMS 0x0000000082100000, 0x0000000082000000| Untracked 
|  33|0x0000000082100000, 0x0000000082200000, 0x0000000082200000|100%| O|  |TAMS 0x0000000082200000, 0x0000000082100000| Untracked 
|  34|0x0000000082200000, 0x0000000082300000, 0x0000000082300000|100%|HS|  |TAMS 0x0000000082300000, 0x0000000082200000| Complete 
|  35|0x0000000082300000, 0x0000000082400000, 0x0000000082400000|100%|HC|  |TAMS 0x0000000082400000, 0x0000000082300000| Complete 
|  36|0x0000000082400000, 0x0000000082500000, 0x0000000082500000|100%| O|  |TAMS 0x0000000082500000, 0x0000000082400000| Untracked 
|  37|0x0000000082500000, 0x0000000082600000, 0x0000000082600000|100%| O|  |TAMS 0x0000000082600000, 0x0000000082500000| Untracked 
|  38|0x0000000082600000, 0x0000000082700000, 0x0000000082700000|100%| O|  |TAMS 0x0000000082700000, 0x0000000082600000| Untracked 
|  39|0x0000000082700000, 0x0000000082800000, 0x0000000082800000|100%|HS|  |TAMS 0x0000000082800000, 0x0000000082700000| Complete 
|  40|0x0000000082800000, 0x0000000082900000, 0x0000000082900000|100%|HC|  |TAMS 0x0000000082900000, 0x0000000082800000| Complete 
|  41|0x0000000082900000, 0x0000000082a00000, 0x0000000082a00000|100%|HC|  |TAMS 0x0000000082a00000, 0x0000000082900000| Complete 
|  42|0x0000000082a00000, 0x0000000082b00000, 0x0000000082b00000|100%|HC|  |TAMS 0x0000000082b00000, 0x0000000082a00000| Complete 
|  43|0x0000000082b00000, 0x0000000082c00000, 0x0000000082c00000|100%| O|  |TAMS 0x0000000082c00000, 0x0000000082b00000| Untracked 
|  44|0x0000000082c00000, 0x0000000082d00000, 0x0000000082d00000|100%| O|  |TAMS 0x0000000082d00000, 0x0000000082c00000| Untracked 
|  45|0x0000000082d00000, 0x0000000082e00000, 0x0000000082e00000|100%| O|  |TAMS 0x0000000082e00000, 0x0000000082d00000| Untracked 
|  46|0x0000000082e00000, 0x0000000082f00000, 0x0000000082f00000|100%| O|  |TAMS 0x0000000082f00000, 0x0000000082e00000| Untracked 
|  47|0x0000000082f00000, 0x0000000083000000, 0x0000000083000000|100%| O|  |TAMS 0x0000000083000000, 0x0000000082f00000| Untracked 
|  48|0x0000000083000000, 0x0000000083100000, 0x0000000083100000|100%| O|  |TAMS 0x0000000083100000, 0x0000000083000000| Untracked 
|  49|0x0000000083100000, 0x0000000083200000, 0x0000000083200000|100%| O|  |TAMS 0x0000000083200000, 0x0000000083100000| Untracked 
|  50|0x0000000083200000, 0x0000000083300000, 0x0000000083300000|100%| O|  |TAMS 0x0000000083300000, 0x0000000083200000| Untracked 
|  51|0x0000000083300000, 0x0000000083400000, 0x0000000083400000|100%| O|  |TAMS 0x0000000083400000, 0x0000000083300000| Untracked 
|  52|0x0000000083400000, 0x0000000083500000, 0x0000000083500000|100%| O|  |TAMS 0x0000000083500000, 0x0000000083400000| Untracked 
|  53|0x0000000083500000, 0x0000000083600000, 0x0000000083600000|100%| O|  |TAMS 0x0000000083600000, 0x0000000083500000| Untracked 
|  54|0x0000000083600000, 0x0000000083700000, 0x0000000083700000|100%| O|  |TAMS 0x0000000083700000, 0x0000000083600000| Untracked 
|  55|0x0000000083700000, 0x0000000083800000, 0x0000000083800000|100%|HS|  |TAMS 0x0000000083700000, 0x0000000083700000| Complete 
|  56|0x0000000083800000, 0x0000000083900000, 0x0000000083900000|100%| O|  |TAMS 0x0000000083900000, 0x0000000083800000| Untracked 
|  57|0x0000000083900000, 0x0000000083a00000, 0x0000000083a00000|100%| O|  |TAMS 0x0000000083a00000, 0x0000000083900000| Untracked 
|  58|0x0000000083a00000, 0x0000000083b00000, 0x0000000083b00000|100%|HS|  |TAMS 0x0000000083b00000, 0x0000000083a00000| Complete 
|  59|0x0000000083b00000, 0x0000000083c00000, 0x0000000083c00000|100%|HS|  |TAMS 0x0000000083c00000, 0x0000000083b00000| Complete 
|  60|0x0000000083c00000, 0x0000000083d00000, 0x0000000083d00000|100%| O|  |TAMS 0x0000000083d00000, 0x0000000083c00000| Untracked 
|  61|0x0000000083d00000, 0x0000000083e00000, 0x0000000083e00000|100%| O|  |TAMS 0x0000000083e00000, 0x0000000083d00000| Untracked 
|  62|0x0000000083e00000, 0x0000000083f00000, 0x0000000083f00000|100%| O|  |TAMS 0x0000000083f00000, 0x0000000083e00000| Untracked 
|  63|0x0000000083f00000, 0x0000000084000000, 0x0000000084000000|100%| O|  |TAMS 0x0000000084000000, 0x0000000083f00000| Untracked 
|  64|0x0000000084000000, 0x0000000084100000, 0x0000000084100000|100%| O|  |TAMS 0x0000000084100000, 0x0000000084000000| Untracked 
|  65|0x0000000084100000, 0x0000000084200000, 0x0000000084200000|100%| O|  |TAMS 0x0000000084200000, 0x0000000084100000| Untracked 
|  66|0x0000000084200000, 0x0000000084300000, 0x0000000084300000|100%| O|  |TAMS 0x0000000084300000, 0x0000000084200000| Untracked 
|  67|0x0000000084300000, 0x0000000084400000, 0x0000000084400000|100%| O|  |TAMS 0x0000000084400000, 0x0000000084300000| Untracked 
|  68|0x0000000084400000, 0x0000000084500000, 0x0000000084500000|100%| O|  |TAMS 0x0000000084500000, 0x0000000084400000| Untracked 
|  69|0x0000000084500000, 0x0000000084600000, 0x0000000084600000|100%| O|  |TAMS 0x0000000084600000, 0x0000000084500000| Untracked 
|  70|0x0000000084600000, 0x0000000084700000, 0x0000000084700000|100%| O|  |TAMS 0x0000000084700000, 0x0000000084600000| Untracked 
|  71|0x0000000084700000, 0x0000000084800000, 0x0000000084800000|100%| O|  |TAMS 0x0000000084800000, 0x0000000084700000| Untracked 
|  72|0x0000000084800000, 0x0000000084900000, 0x0000000084900000|100%| O|  |TAMS 0x0000000084900000, 0x0000000084800000| Untracked 
|  73|0x0000000084900000, 0x0000000084a00000, 0x0000000084a00000|100%| O|  |TAMS 0x0000000084a00000, 0x0000000084900000| Untracked 
|  74|0x0000000084a00000, 0x0000000084b00000, 0x0000000084b00000|100%| O|  |TAMS 0x0000000084b00000, 0x0000000084a00000| Untracked 
|  75|0x0000000084b00000, 0x0000000084c00000, 0x0000000084c00000|100%| O|  |TAMS 0x0000000084c00000, 0x0000000084b00000| Untracked 
|  76|0x0000000084c00000, 0x0000000084d00000, 0x0000000084d00000|100%| O|  |TAMS 0x0000000084d00000, 0x0000000084c00000| Untracked 
|  77|0x0000000084d00000, 0x0000000084e00000, 0x0000000084e00000|100%| O|  |TAMS 0x0000000084e00000, 0x0000000084d00000| Untracked 
|  78|0x0000000084e00000, 0x0000000084f00000, 0x0000000084f00000|100%| O|  |TAMS 0x0000000084f00000, 0x0000000084e00000| Untracked 
|  79|0x0000000084f00000, 0x0000000085000000, 0x0000000085000000|100%| O|  |TAMS 0x0000000085000000, 0x0000000084f00000| Untracked 
|  80|0x0000000085000000, 0x0000000085100000, 0x0000000085100000|100%| O|  |TAMS 0x0000000085100000, 0x0000000085000000| Untracked 
|  81|0x0000000085100000, 0x0000000085200000, 0x0000000085200000|100%| O|  |TAMS 0x0000000085200000, 0x0000000085100000| Untracked 
|  82|0x0000000085200000, 0x0000000085300000, 0x0000000085300000|100%| O|  |TAMS 0x0000000085300000, 0x0000000085200000| Untracked 
|  83|0x0000000085300000, 0x0000000085400000, 0x0000000085400000|100%|HS|  |TAMS 0x0000000085400000, 0x0000000085300000| Complete 
|  84|0x0000000085400000, 0x0000000085500000, 0x0000000085500000|100%|HS|  |TAMS 0x0000000085500000, 0x0000000085400000| Complete 
|  85|0x0000000085500000, 0x0000000085600000, 0x0000000085600000|100%|HS|  |TAMS 0x0000000085600000, 0x0000000085500000| Complete 
|  86|0x0000000085600000, 0x0000000085700000, 0x0000000085700000|100%|HS|  |TAMS 0x0000000085700000, 0x0000000085600000| Complete 
|  87|0x0000000085700000, 0x0000000085800000, 0x0000000085800000|100%|HC|  |TAMS 0x0000000085800000, 0x0000000085700000| Complete 
|  88|0x0000000085800000, 0x0000000085900000, 0x0000000085900000|100%|HC|  |TAMS 0x0000000085900000, 0x0000000085800000| Complete 
|  89|0x0000000085900000, 0x0000000085a00000, 0x0000000085a00000|100%|HS|  |TAMS 0x0000000085a00000, 0x0000000085900000| Complete 
|  90|0x0000000085a00000, 0x0000000085b00000, 0x0000000085b00000|100%|HC|  |TAMS 0x0000000085b00000, 0x0000000085a00000| Complete 
|  91|0x0000000085b00000, 0x0000000085c00000, 0x0000000085c00000|100%| O|  |TAMS 0x0000000085c00000, 0x0000000085b00000| Untracked 
|  92|0x0000000085c00000, 0x0000000085d00000, 0x0000000085d00000|100%| O|  |TAMS 0x0000000085d00000, 0x0000000085c00000| Untracked 
|  93|0x0000000085d00000, 0x0000000085e00000, 0x0000000085e00000|100%| O|  |TAMS 0x0000000085e00000, 0x0000000085d00000| Untracked 
|  94|0x0000000085e00000, 0x0000000085f00000, 0x0000000085f00000|100%| O|  |TAMS 0x0000000085f00000, 0x0000000085e00000| Untracked 
|  95|0x0000000085f00000, 0x0000000086000000, 0x0000000086000000|100%| O|  |TAMS 0x0000000086000000, 0x0000000085f00000| Untracked 
|  96|0x0000000086000000, 0x0000000086100000, 0x0000000086100000|100%| O|  |TAMS 0x0000000086100000, 0x0000000086000000| Untracked 
|  97|0x0000000086100000, 0x0000000086200000, 0x0000000086200000|100%| O|  |TAMS 0x0000000086200000, 0x0000000086100000| Untracked 
|  98|0x0000000086200000, 0x0000000086300000, 0x0000000086300000|100%|HS|  |TAMS 0x0000000086200000, 0x0000000086200000| Complete 
|  99|0x0000000086300000, 0x0000000086400000, 0x0000000086400000|100%| O|  |TAMS 0x00000000863cb400, 0x0000000086300000| Untracked 
| 100|0x0000000086400000, 0x0000000086500000, 0x0000000086500000|100%| O|  |TAMS 0x0000000086400000, 0x0000000086400000| Untracked 
| 101|0x0000000086500000, 0x0000000086600000, 0x0000000086600000|100%| O|  |TAMS 0x0000000086500000, 0x0000000086500000| Untracked 
| 102|0x0000000086600000, 0x0000000086700000, 0x0000000086700000|100%| O|  |TAMS 0x0000000086600000, 0x0000000086600000| Untracked 
| 103|0x0000000086700000, 0x0000000086800000, 0x0000000086800000|100%| O|  |TAMS 0x0000000086700000, 0x0000000086700000| Untracked 
| 104|0x0000000086800000, 0x0000000086900000, 0x0000000086900000|100%| O|  |TAMS 0x0000000086800000, 0x0000000086800000| Untracked 
| 105|0x0000000086900000, 0x0000000086a00000, 0x0000000086a00000|100%| O|  |TAMS 0x0000000086900000, 0x0000000086900000| Untracked 
| 106|0x0000000086a00000, 0x0000000086b00000, 0x0000000086b00000|100%| O|  |TAMS 0x0000000086a00000, 0x0000000086a00000| Untracked 
| 107|0x0000000086b00000, 0x0000000086c00000, 0x0000000086c00000|100%| O|  |TAMS 0x0000000086b00000, 0x0000000086b00000| Untracked 
| 108|0x0000000086c00000, 0x0000000086d00000, 0x0000000086d00000|100%| O|  |TAMS 0x0000000086c00000, 0x0000000086c00000| Untracked 
| 109|0x0000000086d00000, 0x0000000086e00000, 0x0000000086e00000|100%| O|  |TAMS 0x0000000086d00000, 0x0000000086d00000| Untracked 
| 110|0x0000000086e00000, 0x0000000086f00000, 0x0000000086f00000|100%| O|  |TAMS 0x0000000086e00000, 0x0000000086e00000| Untracked 
| 111|0x0000000086f00000, 0x0000000087000000, 0x0000000087000000|100%| O|  |TAMS 0x0000000086f00000, 0x0000000086f00000| Untracked 
| 112|0x0000000087000000, 0x0000000087100000, 0x0000000087100000|100%| O|  |TAMS 0x0000000087000000, 0x0000000087000000| Untracked 
| 113|0x0000000087100000, 0x0000000087200000, 0x0000000087200000|100%| O|  |TAMS 0x0000000087100000, 0x0000000087100000| Untracked 
| 114|0x0000000087200000, 0x0000000087300000, 0x0000000087300000|100%| O|  |TAMS 0x0000000087200000, 0x0000000087200000| Untracked 
| 115|0x0000000087300000, 0x0000000087400000, 0x0000000087400000|100%| O|  |TAMS 0x0000000087300000, 0x0000000087300000| Untracked 
| 116|0x0000000087400000, 0x0000000087500000, 0x0000000087500000|100%| O|  |TAMS 0x0000000087400000, 0x0000000087400000| Untracked 
| 117|0x0000000087500000, 0x0000000087600000, 0x0000000087600000|100%| O|  |TAMS 0x0000000087500000, 0x0000000087500000| Untracked 
| 118|0x0000000087600000, 0x0000000087700000, 0x0000000087700000|100%| O|  |TAMS 0x0000000087600000, 0x0000000087600000| Untracked 
| 119|0x0000000087700000, 0x0000000087800000, 0x0000000087800000|100%| O|  |TAMS 0x0000000087700000, 0x0000000087700000| Untracked 
| 120|0x0000000087800000, 0x0000000087900000, 0x0000000087900000|100%| O|  |TAMS 0x0000000087800000, 0x0000000087800000| Untracked 
| 121|0x0000000087900000, 0x0000000087a00000, 0x0000000087a00000|100%| O|  |TAMS 0x0000000087900000, 0x0000000087900000| Untracked 
| 122|0x0000000087a00000, 0x0000000087b00000, 0x0000000087b00000|100%| O|  |TAMS 0x0000000087a00000, 0x0000000087a00000| Untracked 
| 123|0x0000000087b00000, 0x0000000087c00000, 0x0000000087c00000|100%| O|  |TAMS 0x0000000087b00000, 0x0000000087b00000| Untracked 
| 124|0x0000000087c00000, 0x0000000087d00000, 0x0000000087d00000|100%| O|  |TAMS 0x0000000087c00000, 0x0000000087c00000| Untracked 
| 125|0x0000000087d00000, 0x0000000087e00000, 0x0000000087e00000|100%| O|  |TAMS 0x0000000087d00000, 0x0000000087d00000| Untracked 
| 126|0x0000000087e00000, 0x0000000087f00000, 0x0000000087f00000|100%| O|  |TAMS 0x0000000087e00000, 0x0000000087e00000| Untracked 
| 127|0x0000000087f00000, 0x0000000088000000, 0x0000000088000000|100%| O|  |TAMS 0x0000000087f00000, 0x0000000087f00000| Untracked 
| 128|0x0000000088000000, 0x0000000088100000, 0x0000000088100000|100%| O|  |TAMS 0x0000000088000000, 0x0000000088000000| Untracked 
| 129|0x0000000088100000, 0x0000000088200000, 0x0000000088200000|100%| O|  |TAMS 0x0000000088100000, 0x0000000088100000| Untracked 
| 130|0x0000000088200000, 0x0000000088300000, 0x0000000088300000|100%| O|  |TAMS 0x0000000088200000, 0x0000000088200000| Untracked 
| 131|0x0000000088300000, 0x0000000088400000, 0x0000000088400000|100%| O|  |TAMS 0x0000000088300000, 0x0000000088300000| Untracked 
| 132|0x0000000088400000, 0x0000000088500000, 0x0000000088500000|100%| O|  |TAMS 0x0000000088400000, 0x0000000088400000| Untracked 
| 133|0x0000000088500000, 0x0000000088600000, 0x0000000088600000|100%|HS|  |TAMS 0x0000000088500000, 0x0000000088500000| Complete 
| 134|0x0000000088600000, 0x0000000088700000, 0x0000000088700000|100%|HS|  |TAMS 0x0000000088600000, 0x0000000088600000| Complete 
| 135|0x0000000088700000, 0x0000000088800000, 0x0000000088800000|100%|HC|  |TAMS 0x0000000088700000, 0x0000000088700000| Complete 
| 136|0x0000000088800000, 0x0000000088900000, 0x0000000088900000|100%|HC|  |TAMS 0x0000000088800000, 0x0000000088800000| Complete 
| 137|0x0000000088900000, 0x0000000088a00000, 0x0000000088a00000|100%|HS|  |TAMS 0x0000000088900000, 0x0000000088900000| Complete 
| 138|0x0000000088a00000, 0x0000000088b00000, 0x0000000088b00000|100%| O|  |TAMS 0x0000000088a00000, 0x0000000088a00000| Untracked 
| 139|0x0000000088b00000, 0x0000000088c00000, 0x0000000088c00000|100%| O|  |TAMS 0x0000000088b00000, 0x0000000088b00000| Untracked 
| 140|0x0000000088c00000, 0x0000000088d00000, 0x0000000088d00000|100%| O|  |TAMS 0x0000000088c00000, 0x0000000088c00000| Untracked 
| 141|0x0000000088d00000, 0x0000000088e00000, 0x0000000088e00000|100%| O|  |TAMS 0x0000000088d00000, 0x0000000088d00000| Untracked 
| 142|0x0000000088e00000, 0x0000000088f00000, 0x0000000088f00000|100%| O|  |TAMS 0x0000000088e00000, 0x0000000088e00000| Untracked 
| 143|0x0000000088f00000, 0x0000000089000000, 0x0000000089000000|100%| O|  |TAMS 0x0000000088f00000, 0x0000000088f00000| Untracked 
| 144|0x0000000089000000, 0x0000000089100000, 0x0000000089100000|100%| O|  |TAMS 0x0000000089000000, 0x0000000089000000| Untracked 
| 145|0x0000000089100000, 0x0000000089200000, 0x0000000089200000|100%| O|  |TAMS 0x0000000089100000, 0x0000000089100000| Untracked 
| 146|0x0000000089200000, 0x0000000089300000, 0x0000000089300000|100%| O|  |TAMS 0x0000000089200000, 0x0000000089200000| Untracked 
| 147|0x0000000089300000, 0x0000000089400000, 0x0000000089400000|100%| O|  |TAMS 0x0000000089300000, 0x0000000089300000| Untracked 
| 148|0x0000000089400000, 0x0000000089500000, 0x0000000089500000|100%| O|  |TAMS 0x0000000089400000, 0x0000000089400000| Untracked 
| 149|0x0000000089500000, 0x0000000089600000, 0x0000000089600000|100%| O|  |TAMS 0x0000000089500000, 0x0000000089500000| Untracked 
| 150|0x0000000089600000, 0x0000000089700000, 0x0000000089700000|100%| O|  |TAMS 0x0000000089600000, 0x0000000089600000| Untracked 
| 151|0x0000000089700000, 0x0000000089800000, 0x0000000089800000|100%| O|  |TAMS 0x0000000089700000, 0x0000000089700000| Untracked 
| 152|0x0000000089800000, 0x0000000089900000, 0x0000000089900000|100%| O|  |TAMS 0x0000000089800000, 0x0000000089800000| Untracked 
| 153|0x0000000089900000, 0x0000000089a00000, 0x0000000089a00000|100%| O|  |TAMS 0x0000000089900000, 0x0000000089900000| Untracked 
| 154|0x0000000089a00000, 0x0000000089b00000, 0x0000000089b00000|100%| O|  |TAMS 0x0000000089a00000, 0x0000000089a00000| Untracked 
| 155|0x0000000089b00000, 0x0000000089c00000, 0x0000000089c00000|100%| O|  |TAMS 0x0000000089b00000, 0x0000000089b00000| Untracked 
| 156|0x0000000089c00000, 0x0000000089d00000, 0x0000000089d00000|100%| O|  |TAMS 0x0000000089c00000, 0x0000000089c00000| Untracked 
| 157|0x0000000089d00000, 0x0000000089e00000, 0x0000000089e00000|100%| O|  |TAMS 0x0000000089d00000, 0x0000000089d00000| Untracked 
| 158|0x0000000089e00000, 0x0000000089f00000, 0x0000000089f00000|100%| O|  |TAMS 0x0000000089e00000, 0x0000000089e00000| Untracked 
| 159|0x0000000089f00000, 0x000000008a000000, 0x000000008a000000|100%| O|  |TAMS 0x0000000089f00000, 0x0000000089f00000| Untracked 
| 160|0x000000008a000000, 0x000000008a100000, 0x000000008a100000|100%| O|  |TAMS 0x000000008a000000, 0x000000008a000000| Untracked 
| 161|0x000000008a100000, 0x000000008a200000, 0x000000008a200000|100%| O|  |TAMS 0x000000008a100000, 0x000000008a100000| Untracked 
| 162|0x000000008a200000, 0x000000008a300000, 0x000000008a300000|100%| O|  |TAMS 0x000000008a200000, 0x000000008a200000| Untracked 
| 163|0x000000008a300000, 0x000000008a400000, 0x000000008a400000|100%| O|  |TAMS 0x000000008a300000, 0x000000008a300000| Untracked 
| 164|0x000000008a400000, 0x000000008a500000, 0x000000008a500000|100%| O|  |TAMS 0x000000008a400000, 0x000000008a400000| Untracked 
| 165|0x000000008a500000, 0x000000008a600000, 0x000000008a600000|100%| O|  |TAMS 0x000000008a500000, 0x000000008a500000| Untracked 
| 166|0x000000008a600000, 0x000000008a700000, 0x000000008a700000|100%| O|  |TAMS 0x000000008a600000, 0x000000008a600000| Untracked 
| 167|0x000000008a700000, 0x000000008a800000, 0x000000008a800000|100%| O|  |TAMS 0x000000008a700000, 0x000000008a700000| Untracked 
| 168|0x000000008a800000, 0x000000008a900000, 0x000000008a900000|100%| O|  |TAMS 0x000000008a800000, 0x000000008a800000| Untracked 
| 169|0x000000008a900000, 0x000000008aa00000, 0x000000008aa00000|100%| O|  |TAMS 0x000000008a900000, 0x000000008a900000| Untracked 
| 170|0x000000008aa00000, 0x000000008ab00000, 0x000000008ab00000|100%| O|  |TAMS 0x000000008aa00000, 0x000000008aa00000| Untracked 
| 171|0x000000008ab00000, 0x000000008ac00000, 0x000000008ac00000|100%| O|  |TAMS 0x000000008ab00000, 0x000000008ab00000| Untracked 
| 172|0x000000008ac00000, 0x000000008ad00000, 0x000000008ad00000|100%| O|  |TAMS 0x000000008ac00000, 0x000000008ac00000| Untracked 
| 173|0x000000008ad00000, 0x000000008ae00000, 0x000000008ae00000|100%| O|  |TAMS 0x000000008ad00000, 0x000000008ad00000| Untracked 
| 174|0x000000008ae00000, 0x000000008af00000, 0x000000008af00000|100%| O|  |TAMS 0x000000008ae00000, 0x000000008ae00000| Untracked 
| 175|0x000000008af00000, 0x000000008b000000, 0x000000008b000000|100%| O|  |TAMS 0x000000008af00000, 0x000000008af00000| Untracked 
| 176|0x000000008b000000, 0x000000008b100000, 0x000000008b100000|100%| O|  |TAMS 0x000000008b000000, 0x000000008b000000| Untracked 
| 177|0x000000008b100000, 0x000000008b200000, 0x000000008b200000|100%| O|  |TAMS 0x000000008b100000, 0x000000008b100000| Untracked 
| 178|0x000000008b200000, 0x000000008b28be00, 0x000000008b300000| 54%| O|  |TAMS 0x000000008b200000, 0x000000008b200000| Untracked 
| 179|0x000000008b300000, 0x000000008b300000, 0x000000008b400000|  0%| F|  |TAMS 0x000000008b300000, 0x000000008b300000| Untracked 
| 180|0x000000008b400000, 0x000000008b400000, 0x000000008b500000|  0%| F|  |TAMS 0x000000008b400000, 0x000000008b400000| Untracked 
| 181|0x000000008b500000, 0x000000008b500000, 0x000000008b600000|  0%| F|  |TAMS 0x000000008b500000, 0x000000008b500000| Untracked 
| 182|0x000000008b600000, 0x000000008b600000, 0x000000008b700000|  0%| F|  |TAMS 0x000000008b600000, 0x000000008b600000| Untracked 
| 183|0x000000008b700000, 0x000000008b700000, 0x000000008b800000|  0%| F|  |TAMS 0x000000008b700000, 0x000000008b700000| Untracked 
| 184|0x000000008b800000, 0x000000008b800000, 0x000000008b900000|  0%| F|  |TAMS 0x000000008b800000, 0x000000008b800000| Untracked 
| 185|0x000000008b900000, 0x000000008b900000, 0x000000008ba00000|  0%| F|  |TAMS 0x000000008b900000, 0x000000008b900000| Untracked 
| 186|0x000000008ba00000, 0x000000008ba00000, 0x000000008bb00000|  0%| F|  |TAMS 0x000000008ba00000, 0x000000008ba00000| Untracked 
| 187|0x000000008bb00000, 0x000000008bb00000, 0x000000008bc00000|  0%| F|  |TAMS 0x000000008bb00000, 0x000000008bb00000| Untracked 
| 188|0x000000008bc00000, 0x000000008bc00000, 0x000000008bd00000|  0%| F|  |TAMS 0x000000008bc00000, 0x000000008bc00000| Untracked 
| 189|0x000000008bd00000, 0x000000008bd00000, 0x000000008be00000|  0%| F|  |TAMS 0x000000008bd00000, 0x000000008bd00000| Untracked 
| 190|0x000000008be00000, 0x000000008be00000, 0x000000008bf00000|  0%| F|  |TAMS 0x000000008be00000, 0x000000008be00000| Untracked 
| 191|0x000000008bf00000, 0x000000008bf00000, 0x000000008c000000|  0%| F|  |TAMS 0x000000008bf00000, 0x000000008bf00000| Untracked 
| 192|0x000000008c000000, 0x000000008c000000, 0x000000008c100000|  0%| F|  |TAMS 0x000000008c000000, 0x000000008c000000| Untracked 
| 193|0x000000008c100000, 0x000000008c100000, 0x000000008c200000|  0%| F|  |TAMS 0x000000008c100000, 0x000000008c100000| Untracked 
| 194|0x000000008c200000, 0x000000008c200000, 0x000000008c300000|  0%| F|  |TAMS 0x000000008c200000, 0x000000008c200000| Untracked 
| 195|0x000000008c300000, 0x000000008c300000, 0x000000008c400000|  0%| F|  |TAMS 0x000000008c300000, 0x000000008c300000| Untracked 
| 196|0x000000008c400000, 0x000000008c400000, 0x000000008c500000|  0%| F|  |TAMS 0x000000008c400000, 0x000000008c400000| Untracked 
| 197|0x000000008c500000, 0x000000008c500000, 0x000000008c600000|  0%| F|  |TAMS 0x000000008c500000, 0x000000008c500000| Untracked 
| 198|0x000000008c600000, 0x000000008c600000, 0x000000008c700000|  0%| F|  |TAMS 0x000000008c600000, 0x000000008c600000| Untracked 
| 199|0x000000008c700000, 0x000000008c700000, 0x000000008c800000|  0%| F|  |TAMS 0x000000008c700000, 0x000000008c700000| Untracked 
| 200|0x000000008c800000, 0x000000008c800000, 0x000000008c900000|  0%| F|  |TAMS 0x000000008c800000, 0x000000008c800000| Untracked 
| 201|0x000000008c900000, 0x000000008c900000, 0x000000008ca00000|  0%| F|  |TAMS 0x000000008c900000, 0x000000008c900000| Untracked 
| 202|0x000000008ca00000, 0x000000008ca00000, 0x000000008cb00000|  0%| F|  |TAMS 0x000000008ca00000, 0x000000008ca00000| Untracked 
| 203|0x000000008cb00000, 0x000000008cb00000, 0x000000008cc00000|  0%| F|  |TAMS 0x000000008cb00000, 0x000000008cb00000| Untracked 
| 204|0x000000008cc00000, 0x000000008cc00000, 0x000000008cd00000|  0%| F|  |TAMS 0x000000008cc00000, 0x000000008cc00000| Untracked 
| 205|0x000000008cd00000, 0x000000008cd00000, 0x000000008ce00000|  0%| F|  |TAMS 0x000000008cd00000, 0x000000008cd00000| Untracked 
| 206|0x000000008ce00000, 0x000000008cf00000, 0x000000008cf00000|100%| S|CS|TAMS 0x000000008ce00000, 0x000000008ce00000| Complete 
| 207|0x000000008cf00000, 0x000000008cf00000, 0x000000008d000000|  0%| F|  |TAMS 0x000000008cf00000, 0x000000008cf00000| Untracked 
| 208|0x000000008d000000, 0x000000008d000000, 0x000000008d100000|  0%| F|  |TAMS 0x000000008d000000, 0x000000008d000000| Untracked 
| 209|0x000000008d100000, 0x000000008d100000, 0x000000008d200000|  0%| F|  |TAMS 0x000000008d100000, 0x000000008d100000| Untracked 
| 210|0x000000008d200000, 0x000000008d200000, 0x000000008d300000|  0%| F|  |TAMS 0x000000008d200000, 0x000000008d200000| Untracked 
| 211|0x000000008d300000, 0x000000008d400000, 0x000000008d400000|100%| S|CS|TAMS 0x000000008d300000, 0x000000008d300000| Complete 
| 212|0x000000008d400000, 0x000000008d500000, 0x000000008d500000|100%| S|CS|TAMS 0x000000008d400000, 0x000000008d400000| Complete 
| 213|0x000000008d500000, 0x000000008d600000, 0x000000008d600000|100%| S|CS|TAMS 0x000000008d500000, 0x000000008d500000| Complete 
| 214|0x000000008d600000, 0x000000008d600000, 0x000000008d700000|  0%| F|  |TAMS 0x000000008d600000, 0x000000008d600000| Untracked 
| 215|0x000000008d700000, 0x000000008d700000, 0x000000008d800000|  0%| F|  |TAMS 0x000000008d700000, 0x000000008d700000| Untracked 
| 216|0x000000008d800000, 0x000000008d800000, 0x000000008d900000|  0%| F|  |TAMS 0x000000008d800000, 0x000000008d800000| Untracked 
| 217|0x000000008d900000, 0x000000008d900000, 0x000000008da00000|  0%| F|  |TAMS 0x000000008d900000, 0x000000008d900000| Untracked 
| 218|0x000000008da00000, 0x000000008da00000, 0x000000008db00000|  0%| F|  |TAMS 0x000000008da00000, 0x000000008da00000| Untracked 
| 219|0x000000008db00000, 0x000000008db00000, 0x000000008dc00000|  0%| F|  |TAMS 0x000000008db00000, 0x000000008db00000| Untracked 
| 220|0x000000008dc00000, 0x000000008dc00000, 0x000000008dd00000|  0%| F|  |TAMS 0x000000008dc00000, 0x000000008dc00000| Untracked 
| 221|0x000000008dd00000, 0x000000008dd00000, 0x000000008de00000|  0%| F|  |TAMS 0x000000008dd00000, 0x000000008dd00000| Untracked 
| 222|0x000000008de00000, 0x000000008de00000, 0x000000008df00000|  0%| F|  |TAMS 0x000000008de00000, 0x000000008de00000| Untracked 
| 223|0x000000008df00000, 0x000000008df00000, 0x000000008e000000|  0%| F|  |TAMS 0x000000008df00000, 0x000000008df00000| Untracked 
| 224|0x000000008e000000, 0x000000008e000000, 0x000000008e100000|  0%| F|  |TAMS 0x000000008e000000, 0x000000008e000000| Untracked 
| 225|0x000000008e100000, 0x000000008e100000, 0x000000008e200000|  0%| F|  |TAMS 0x000000008e100000, 0x000000008e100000| Untracked 
| 226|0x000000008e200000, 0x000000008e200000, 0x000000008e300000|  0%| F|  |TAMS 0x000000008e200000, 0x000000008e200000| Untracked 
| 227|0x000000008e300000, 0x000000008e300000, 0x000000008e400000|  0%| F|  |TAMS 0x000000008e300000, 0x000000008e300000| Untracked 
| 228|0x000000008e400000, 0x000000008e400000, 0x000000008e500000|  0%| F|  |TAMS 0x000000008e400000, 0x000000008e400000| Untracked 
| 229|0x000000008e500000, 0x000000008e500000, 0x000000008e600000|  0%| F|  |TAMS 0x000000008e500000, 0x000000008e500000| Untracked 
| 230|0x000000008e600000, 0x000000008e600000, 0x000000008e700000|  0%| F|  |TAMS 0x000000008e600000, 0x000000008e600000| Untracked 
| 231|0x000000008e700000, 0x000000008e700000, 0x000000008e800000|  0%| F|  |TAMS 0x000000008e700000, 0x000000008e700000| Untracked 
| 232|0x000000008e800000, 0x000000008e800000, 0x000000008e900000|  0%| F|  |TAMS 0x000000008e800000, 0x000000008e800000| Untracked 
| 233|0x000000008e900000, 0x000000008e900000, 0x000000008ea00000|  0%| F|  |TAMS 0x000000008e900000, 0x000000008e900000| Untracked 
| 234|0x000000008ea00000, 0x000000008ea00000, 0x000000008eb00000|  0%| F|  |TAMS 0x000000008ea00000, 0x000000008ea00000| Untracked 
| 235|0x000000008eb00000, 0x000000008eb00000, 0x000000008ec00000|  0%| F|  |TAMS 0x000000008eb00000, 0x000000008eb00000| Untracked 
| 236|0x000000008ec00000, 0x000000008ec00000, 0x000000008ed00000|  0%| F|  |TAMS 0x000000008ec00000, 0x000000008ec00000| Untracked 
| 237|0x000000008ed00000, 0x000000008ede9e08, 0x000000008ee00000| 91%| E|  |TAMS 0x000000008ed00000, 0x000000008ed00000| Complete 
| 238|0x000000008ee00000, 0x000000008ef00000, 0x000000008ef00000|100%| E|CS|TAMS 0x000000008ee00000, 0x000000008ee00000| Complete 

Card table byte_map: [0x000001b21d880000,0x000001b21dc80000] _byte_map_base: 0x000001b21d480000

Marking Bits (Prev, Next): (CMBitMap*) 0x000001b20656f860, (CMBitMap*) 0x000001b20656f8a0
 Prev Bits: [0x000001b21e080000, 0x000001b220080000)
 Next Bits: [0x000001b220080000, 0x000001b222080000)

Polling page: 0x000001b204410000

Metaspace:

Usage:
  Non-class:     93.10 MB used.
      Class:     14.33 MB used.
       Both:    107.43 MB used.

Virtual space:
  Non-class space:      128.00 MB reserved,      94.25 MB ( 74%) committed,  2 nodes.
      Class space:      412.00 MB reserved,      15.50 MB (  4%) committed,  1 nodes.
             Both:      540.00 MB reserved,     109.75 MB ( 20%) committed. 

Chunk freelists:
   Non-Class:  1.62 MB
       Class:  456.00 KB
        Both:  2.07 MB

MaxMetaspaceSize: 512.00 MB
CompressedClassSpaceSize: 412.00 MB
Initial GC threshold: 21.00 MB
Current GC threshold: 155.94 MB
CDS: on
MetaspaceReclaimPolicy: balanced
 - commit_granule_bytes: 65536.
 - commit_granule_words: 8192.
 - virtual_space_node_default_size: 8388608.
 - enlarge_chunks_in_place: 1.
 - new_chunks_are_fully_committed: 0.
 - uncommit_free_chunks: 1.
 - use_allocation_guard: 0.


Internal statistics:

num_allocs_failed_limit: 6.
num_arena_births: 4084.
num_arena_deaths: 0.
num_vsnodes_births: 3.
num_vsnodes_deaths: 0.
num_space_committed: 1756.
num_space_uncommitted: 0.
num_chunks_returned_to_freelist: 6.
num_chunks_taken_from_freelist: 9186.
num_chunk_merges: 6.
num_chunk_splits: 6037.
num_chunks_enlarged: 3831.
num_inconsistent_stats: 0.

CodeHeap 'non-profiled nmethods': size=120000Kb used=8329Kb max_used=8329Kb free=111671Kb
 bounds [0x000001b215f50000, 0x000001b216780000, 0x000001b21d480000]
CodeHeap 'profiled nmethods': size=120000Kb used=24889Kb max_used=24889Kb free=95110Kb
 bounds [0x000001b20e480000, 0x000001b20fcd0000, 0x000001b2159b0000]
CodeHeap 'non-nmethods': size=5760Kb used=2541Kb max_used=2626Kb free=3218Kb
 bounds [0x000001b2159b0000, 0x000001b215c50000, 0x000001b215f50000]
 total_blobs=13607 nmethods=12607 adapters=909
 compilation: enabled
              stopped_count=0, restarted_count=0
 full_count=0

Compilation events (20 events):
Event: 99.026 Thread 0x000001b22454d1c0 14854       3       org.gradle.api.tasks.compile.JavaCompile_Decorated::getOptions (33 bytes)
Event: 99.027 Thread 0x000001b22454d1c0 nmethod 14854 0x000001b20fcc0290 code [0x000001b20fcc04a0, 0x000001b20fcc0c18]
Event: 99.027 Thread 0x000001b22454d1c0 14855       3       org.gradle.api.tasks.compile.CompileOptions_Decorated::attachOwner (11 bytes)
Event: 99.027 Thread 0x000001b22454d1c0 nmethod 14855 0x000001b20fcc0e10 code [0x000001b20fcc0fc0, 0x000001b20fcc1178]
Event: 99.028 Thread 0x000001b22454d1c0 14856       3       com.android.build.gradle.internal.tasks.BundleLibraryClassesJar_Decorated::$gradleFactory (13 bytes)
Event: 99.029 Thread 0x000001b22454d1c0 nmethod 14856 0x000001b20fcc1210 code [0x000001b20fcc13c0, 0x000001b20fcc1568]
Event: 99.035 Thread 0x000001b22454d1c0 14857       3       org.gradle.api.internal.tasks.DefaultTaskInputs::files (6 bytes)
Event: 99.036 Thread 0x000001b22454d1c0 nmethod 14857 0x000001b20fcc1610 code [0x000001b20fcc1840, 0x000001b20fcc2058]
Event: 99.036 Thread 0x000001b22454d1c0 14858       3       org.gradle.api.internal.tasks.DefaultTaskInputs$$Lambda$1008/0x00000008019ba7a0::call (12 bytes)
Event: 99.037 Thread 0x000001b22454d1c0 nmethod 14858 0x000001b20fcc2310 code [0x000001b20fcc24c0, 0x000001b20fcc2608]
Event: 99.037 Thread 0x000001b22454d1c0 14859       3       org.gradle.api.internal.tasks.DefaultTaskInputs::lambda$files$0 (34 bytes)
Event: 99.038 Thread 0x000001b22454d1c0 nmethod 14859 0x000001b20fcc2710 code [0x000001b20fcc2920, 0x000001b20fcc3168]
Event: 99.038 Thread 0x000001b22454d1c0 14860       1       com.android.build.gradle.tasks.ExtractDeepLinksTask_Decorated::getModelIdentityDisplayName (5 bytes)
Event: 99.038 Thread 0x000001b22454d1c0 nmethod 14860 0x000001b21676f710 code [0x000001b21676f8a0, 0x000001b21676f958]
Event: 99.039 Thread 0x000001b22454d1c0 14861       1       com.android.build.api.variant.impl.TaskProviderBasedDirectoryEntryImpl::isUserAdded (5 bytes)
Event: 99.039 Thread 0x000001b22454d1c0 nmethod 14861 0x000001b21676fa10 code [0x000001b21676fba0, 0x000001b21676fc78]
Event: 99.040 Thread 0x000001b22454d1c0 14862       1       com.android.build.api.variant.impl.SourcesImpl::getRes (5 bytes)
Event: 99.040 Thread 0x000001b22454d1c0 nmethod 14862 0x000001b21676fd10 code [0x000001b21676fea0, 0x000001b21676ff58]
Event: 99.040 Thread 0x000001b22454d1c0 14863       1       com.android.build.api.variant.impl.FileBasedDirectoryEntryImpl::isUserAdded (5 bytes)
Event: 99.040 Thread 0x000001b22454d1c0 nmethod 14863 0x000001b216770010 code [0x000001b2167701a0, 0x000001b216770278]

GC Heap History (20 events):
Event: 78.437 GC heap before
{Heap before GC invocations=40 (full 0):
 garbage-first heap   total 168960K, used 135981K [0x0000000080000000, 0x0000000100000000)
  region size 1024K, 33 young (33792K), 7 survivors (7168K)
 Metaspace       used 93320K, committed 95552K, reserved 552960K
  class space    used 12622K, committed 13760K, reserved 421888K
}
Event: 78.449 GC heap after
{Heap after GC invocations=41 (full 0):
 garbage-first heap   total 168960K, used 114304K [0x0000000080000000, 0x0000000100000000)
  region size 1024K, 5 young (5120K), 5 survivors (5120K)
 Metaspace       used 93320K, committed 95552K, reserved 552960K
  class space    used 12622K, committed 13760K, reserved 421888K
}
Event: 79.395 GC heap before
{Heap before GC invocations=42 (full 0):
 garbage-first heap   total 203776K, used 134784K [0x0000000080000000, 0x0000000100000000)
  region size 1024K, 25 young (25600K), 5 survivors (5120K)
 Metaspace       used 93888K, committed 96128K, reserved 552960K
  class space    used 12684K, committed 13824K, reserved 421888K
}
Event: 79.413 GC heap after
{Heap after GC invocations=43 (full 0):
 garbage-first heap   total 203776K, used 118035K [0x0000000080000000, 0x0000000100000000)
  region size 1024K, 4 young (4096K), 4 survivors (4096K)
 Metaspace       used 93888K, committed 96128K, reserved 552960K
  class space    used 12684K, committed 13824K, reserved 421888K
}
Event: 79.561 GC heap before
{Heap before GC invocations=43 (full 0):
 garbage-first heap   total 203776K, used 123155K [0x0000000080000000, 0x0000000100000000)
  region size 1024K, 9 young (9216K), 4 survivors (4096K)
 Metaspace       used 93943K, committed 96192K, reserved 552960K
  class space    used 12689K, committed 13824K, reserved 421888K
}
Event: 79.573 GC heap after
{Heap after GC invocations=44 (full 0):
 garbage-first heap   total 244736K, used 117138K [0x0000000080000000, 0x0000000100000000)
  region size 1024K, 1 young (1024K), 1 survivors (1024K)
 Metaspace       used 93943K, committed 96192K, reserved 552960K
  class space    used 12689K, committed 13824K, reserved 421888K
}
Event: 83.599 GC heap before
{Heap before GC invocations=44 (full 0):
 garbage-first heap   total 244736K, used 192914K [0x0000000080000000, 0x0000000100000000)
  region size 1024K, 73 young (74752K), 1 survivors (1024K)
 Metaspace       used 97737K, committed 100032K, reserved 552960K
  class space    used 13219K, committed 14400K, reserved 421888K
}
Event: 83.614 GC heap after
{Heap after GC invocations=45 (full 0):
 garbage-first heap   total 244736K, used 128090K [0x0000000080000000, 0x0000000100000000)
  region size 1024K, 10 young (10240K), 10 survivors (10240K)
 Metaspace       used 97737K, committed 100032K, reserved 552960K
  class space    used 13219K, committed 14400K, reserved 421888K
}
Event: 87.653 GC heap before
{Heap before GC invocations=45 (full 0):
 garbage-first heap   total 244736K, used 194650K [0x0000000080000000, 0x0000000100000000)
  region size 1024K, 75 young (76800K), 10 survivors (10240K)
 Metaspace       used 100948K, committed 103296K, reserved 552960K
  class space    used 13638K, committed 14848K, reserved 421888K
}
Event: 87.678 GC heap after
{Heap after GC invocations=46 (full 0):
 garbage-first heap   total 244736K, used 133967K [0x0000000080000000, 0x0000000100000000)
  region size 1024K, 6 young (6144K), 6 survivors (6144K)
 Metaspace       used 100948K, committed 103296K, reserved 552960K
  class space    used 13638K, committed 14848K, reserved 421888K
}
Event: 89.490 GC heap before
{Heap before GC invocations=46 (full 0):
 garbage-first heap   total 244736K, used 198479K [0x0000000080000000, 0x0000000100000000)
  region size 1024K, 69 young (70656K), 6 survivors (6144K)
 Metaspace       used 101188K, committed 103488K, reserved 552960K
  class space    used 13657K, committed 14848K, reserved 421888K
}
Event: 89.526 GC heap after
{Heap after GC invocations=47 (full 0):
 garbage-first heap   total 244736K, used 144903K [0x0000000080000000, 0x0000000100000000)
  region size 1024K, 9 young (9216K), 9 survivors (9216K)
 Metaspace       used 101188K, committed 103488K, reserved 552960K
  class space    used 13657K, committed 14848K, reserved 421888K
}
Event: 91.968 GC heap before
{Heap before GC invocations=47 (full 0):
 garbage-first heap   total 244736K, used 203271K [0x0000000080000000, 0x0000000100000000)
  region size 1024K, 62 young (63488K), 9 survivors (9216K)
 Metaspace       used 103354K, committed 105728K, reserved 552960K
  class space    used 13910K, committed 15104K, reserved 421888K
}
Event: 91.999 GC heap after
{Heap after GC invocations=48 (full 0):
 garbage-first heap   total 244736K, used 158034K [0x0000000080000000, 0x0000000100000000)
  region size 1024K, 8 young (8192K), 8 survivors (8192K)
 Metaspace       used 103354K, committed 105728K, reserved 552960K
  class space    used 13910K, committed 15104K, reserved 421888K
}
Event: 94.468 GC heap before
{Heap before GC invocations=48 (full 0):
 garbage-first heap   total 244736K, used 202066K [0x0000000080000000, 0x0000000100000000)
  region size 1024K, 51 young (52224K), 8 survivors (8192K)
 Metaspace       used 105460K, committed 107840K, reserved 552960K
  class space    used 14162K, committed 15360K, reserved 421888K
}
Event: 94.491 GC heap after
{Heap after GC invocations=49 (full 0):
 garbage-first heap   total 244736K, used 168960K [0x0000000080000000, 0x0000000100000000)
  region size 1024K, 7 young (7168K), 7 survivors (7168K)
 Metaspace       used 105460K, committed 107840K, reserved 552960K
  class space    used 14162K, committed 15360K, reserved 421888K
}
Event: 96.226 GC heap before
{Heap before GC invocations=49 (full 0):
 garbage-first heap   total 244736K, used 200704K [0x0000000080000000, 0x0000000100000000)
  region size 1024K, 39 young (39936K), 7 survivors (7168K)
 Metaspace       used 107760K, committed 110208K, reserved 552960K
  class space    used 14399K, committed 15616K, reserved 421888K
}
Event: 96.247 GC heap after
{Heap after GC invocations=50 (full 0):
 garbage-first heap   total 244736K, used 176048K [0x0000000080000000, 0x0000000100000000)
  region size 1024K, 5 young (5120K), 5 survivors (5120K)
 Metaspace       used 107760K, committed 110208K, reserved 552960K
  class space    used 14399K, committed 15616K, reserved 421888K
}
Event: 97.485 GC heap before
{Heap before GC invocations=50 (full 0):
 garbage-first heap   total 244736K, used 204720K [0x0000000080000000, 0x0000000100000000)
  region size 1024K, 33 young (33792K), 5 survivors (5120K)
 Metaspace       used 109125K, committed 111552K, reserved 552960K
  class space    used 14581K, committed 15808K, reserved 421888K
}
Event: 97.504 GC heap after
{Heap after GC invocations=51 (full 0):
 garbage-first heap   total 244736K, used 180316K [0x0000000080000000, 0x0000000100000000)
  region size 1024K, 4 young (4096K), 4 survivors (4096K)
 Metaspace       used 109125K, committed 111552K, reserved 552960K
  class space    used 14581K, committed 15808K, reserved 421888K
}

Dll operation events (13 events):
Event: 0.016 Loaded shared library C:\Program Files\Java\jdk-19\bin\java.dll
Event: 0.032 Loaded shared library C:\Program Files\Java\jdk-19\bin\jsvml.dll
Event: 0.169 Loaded shared library C:\Program Files\Java\jdk-19\bin\net.dll
Event: 0.172 Loaded shared library C:\Program Files\Java\jdk-19\bin\nio.dll
Event: 0.183 Loaded shared library C:\Program Files\Java\jdk-19\bin\zip.dll
Event: 0.770 Loaded shared library C:\Program Files\Java\jdk-19\bin\jimage.dll
Event: 1.030 Loaded shared library C:\Program Files\Java\jdk-19\bin\verify.dll
Event: 1.504 Loaded shared library C:\Users\Vishwanath Naik\.gradle\native\68d5fa5c4cc2d200863cafc0d521ce42e7d3e7ee720ec0a83991735586a16f82\windows-amd64\native-platform.dll
Event: 1.534 Loaded shared library C:\Users\Vishwanath Naik\.gradle\native\e376f236ea51e6404a007f0833ffe2c6e607c4080706a723a18a27aeea778392\windows-amd64\native-platform-file-events.dll
Event: 4.124 Loaded shared library C:\Program Files\Java\jdk-19\bin\management.dll
Event: 4.129 Loaded shared library C:\Program Files\Java\jdk-19\bin\management_ext.dll
Event: 4.681 Loaded shared library C:\Program Files\Java\jdk-19\bin\extnet.dll
Event: 5.221 Loaded shared library C:\Program Files\Java\jdk-19\bin\sunmscapi.dll

Deoptimization events (20 events):
Event: 97.221 Thread 0x000001b22de50070 Uncommon trap: trap_request=0xffffffd6 fr.pc=0x000001b2166feed0 relative=0x0000000000000c30
Event: 97.221 Thread 0x000001b22de50070 Uncommon trap: reason=array_check action=maybe_recompile pc=0x000001b2166feed0 method=com.google.common.collect.RegularImmutableMap.fromEntryArrayCheckingBucketOverflow(I[Ljava/util/Map$Entry;Z)Lcom/google/common/collect/ImmutableMap; @ 216 c2
Event: 97.221 Thread 0x000001b22de50070 DEOPT PACKING pc=0x000001b2166feed0 sp=0x0000000a709f99f0
Event: 97.221 Thread 0x000001b22de50070 DEOPT UNPACKING pc=0x000001b215a16da3 sp=0x0000000a709f99c0 mode 2
Event: 97.221 Thread 0x000001b22de50070 Uncommon trap: trap_request=0xffffffd6 fr.pc=0x000001b2166feed0 relative=0x0000000000000c30
Event: 97.221 Thread 0x000001b22de50070 Uncommon trap: reason=array_check action=maybe_recompile pc=0x000001b2166feed0 method=com.google.common.collect.RegularImmutableMap.fromEntryArrayCheckingBucketOverflow(I[Ljava/util/Map$Entry;Z)Lcom/google/common/collect/ImmutableMap; @ 216 c2
Event: 97.221 Thread 0x000001b22de50070 DEOPT PACKING pc=0x000001b2166feed0 sp=0x0000000a709f9ab0
Event: 97.221 Thread 0x000001b22de50070 DEOPT UNPACKING pc=0x000001b215a16da3 sp=0x0000000a709f9a80 mode 2
Event: 97.221 Thread 0x000001b22de50070 Uncommon trap: trap_request=0xffffffd6 fr.pc=0x000001b2166feed0 relative=0x0000000000000c30
Event: 97.221 Thread 0x000001b22de50070 Uncommon trap: reason=array_check action=maybe_recompile pc=0x000001b2166feed0 method=com.google.common.collect.RegularImmutableMap.fromEntryArrayCheckingBucketOverflow(I[Ljava/util/Map$Entry;Z)Lcom/google/common/collect/ImmutableMap; @ 216 c2
Event: 97.221 Thread 0x000001b22de50070 DEOPT PACKING pc=0x000001b2166feed0 sp=0x0000000a709f99f0
Event: 97.221 Thread 0x000001b22de50070 DEOPT UNPACKING pc=0x000001b215a16da3 sp=0x0000000a709f99c0 mode 2
Event: 97.221 Thread 0x000001b22de50070 Uncommon trap: trap_request=0xffffffd6 fr.pc=0x000001b2166feed0 relative=0x0000000000000c30
Event: 97.221 Thread 0x000001b22de50070 Uncommon trap: reason=array_check action=maybe_recompile pc=0x000001b2166feed0 method=com.google.common.collect.RegularImmutableMap.fromEntryArrayCheckingBucketOverflow(I[Ljava/util/Map$Entry;Z)Lcom/google/common/collect/ImmutableMap; @ 216 c2
Event: 97.221 Thread 0x000001b22de50070 DEOPT PACKING pc=0x000001b2166feed0 sp=0x0000000a709f9ab0
Event: 97.221 Thread 0x000001b22de50070 DEOPT UNPACKING pc=0x000001b215a16da3 sp=0x0000000a709f9a80 mode 2
Event: 97.352 Thread 0x000001b22de50070 DEOPT PACKING pc=0x000001b20fb38608 sp=0x0000000a709faab0
Event: 97.352 Thread 0x000001b22de50070 DEOPT UNPACKING pc=0x000001b215a17543 sp=0x0000000a709f9f58 mode 0
Event: 97.360 Thread 0x000001b22de50070 DEOPT PACKING pc=0x000001b20fb38608 sp=0x0000000a709faab0
Event: 97.360 Thread 0x000001b22de50070 DEOPT UNPACKING pc=0x000001b215a17543 sp=0x0000000a709f9f58 mode 0

Classes loaded (20 events):
Event: 95.751 Loading class java/io/ObjectInputFilter$Config$BuiltinFilterFactory
Event: 95.752 Loading class java/io/ObjectInputFilter$Config$BuiltinFilterFactory done
Event: 95.752 Loading class jdk/internal/access/JavaObjectInputFilterAccess
Event: 95.752 Loading class jdk/internal/access/JavaObjectInputFilterAccess done
Event: 95.753 Loading class jdk/internal/event/DeserializationEvent
Event: 95.753 Loading class jdk/internal/event/DeserializationEvent done
Event: 95.753 Loading class java/io/ObjectInputStream$FieldValues
Event: 95.753 Loading class java/io/ObjectInputStream$GetField
Event: 95.753 Loading class java/io/ObjectInputStream$GetField done
Event: 95.753 Loading class java/io/ObjectInputStream$FieldValues done
Event: 95.755 Loading class java/util/HashMap$UnsafeHolder
Event: 95.755 Loading class java/util/HashMap$UnsafeHolder done
Event: 95.968 Loading class java/util/TreeMap$KeySpliterator
Event: 95.968 Loading class java/util/TreeMap$KeySpliterator done
Event: 96.089 Loading class java/text/MessageFormat
Event: 96.089 Loading class java/text/MessageFormat done
Event: 96.090 Loading class java/text/MessageFormat$Field
Event: 96.090 Loading class java/text/MessageFormat$Field done
Event: 96.795 Loading class java/lang/ExceptionInInitializerError
Event: 96.796 Loading class java/lang/ExceptionInInitializerError done

Classes unloaded (0 events):
No events

Classes redefined (0 events):
No events

Internal exceptions (20 events):
Event: 93.541 Thread 0x000001b229c23370 Exception <a 'java/lang/ClassNotFoundException'{0x000000008d157c38}: org/jetbrains/kotlin/gradle/targets/js/npm/DefaultPeerNpmDependencyExtension$delegate$1BeanInfo> (0x000000008d157c38) 
thrown [s\open\src\hotspot\share\classfile\systemDictionary.cpp, line 255]
Event: 93.542 Thread 0x000001b229c23370 Exception <a 'java/lang/ClassNotFoundException'{0x000000008d1628f0}: org/jetbrains/kotlin/gradle/targets/js/npm/DefaultPeerNpmDependencyExtension$delegate$1Customizer> (0x000000008d1628f0) 
thrown [s\open\src\hotspot\share\classfile\systemDictionary.cpp, line 255]
Event: 93.601 Thread 0x000001b229c23370 Exception <a 'java/lang/ClassNotFoundException'{0x000000008d1ddba0}: build_dirr9im1wcj0ilkiwirr1e07f$_run_closure1BeanInfo> (0x000000008d1ddba0) 
thrown [s\open\src\hotspot\share\classfile\systemDictionary.cpp, line 255]
Event: 93.602 Thread 0x000001b229c23370 Exception <a 'java/lang/ClassNotFoundException'{0x000000008d1e5288}: build_dirr9im1wcj0ilkiwirr1e07f$_run_closure1Customizer> (0x000000008d1e5288) 
thrown [s\open\src\hotspot\share\classfile\systemDictionary.cpp, line 255]
Event: 93.704 Thread 0x000001b229c23370 Exception <a 'java/lang/ClassNotFoundException'{0x000000008d0821b8}: org/jetbrains/kotlin/gradle/plugin/sources/DefaultKotlinSourceSetBeanInfo> (0x000000008d0821b8) 
thrown [s\open\src\hotspot\share\classfile\systemDictionary.cpp, line 255]
Event: 93.705 Thread 0x000001b229c23370 Exception <a 'java/lang/ClassNotFoundException'{0x000000008d08f058}: org/jetbrains/kotlin/gradle/plugin/sources/DefaultKotlinSourceSetCustomizer> (0x000000008d08f058) 
thrown [s\open\src\hotspot\share\classfile\systemDictionary.cpp, line 255]
Event: 93.756 Thread 0x000001b229c23370 Exception <a 'java/lang/ClassNotFoundException'{0x000000008cf12438}: build_dirr9im1wcj0ilkiwirr1e07f$_run_closure1$_closure8BeanInfo> (0x000000008cf12438) 
thrown [s\open\src\hotspot\share\classfile\systemDictionary.cpp, line 255]
Event: 93.757 Thread 0x000001b229c23370 Exception <a 'java/lang/ClassNotFoundException'{0x000000008cf1db20}: build_dirr9im1wcj0ilkiwirr1e07f$_run_closure1$_closure8Customizer> (0x000000008cf1db20) 
thrown [s\open\src\hotspot\share\classfile\systemDictionary.cpp, line 255]
Event: 94.186 Thread 0x000001b229c23370 Exception <a 'java/lang/NoClassDefFoundError'{0x000000008ca01558}: org/jetbrains/kotlin/gradle/plugin/KotlinBasePluginWrapper> (0x000000008ca01558) 
thrown [s\open\src\hotspot\share\oops\constantPool.cpp, line 837]
Event: 95.402 Thread 0x000001b229c23370 Exception <a 'java/lang/NoSuchMethodError'{0x000000008e4695b8}: 'org.gradle.internal.buildoption.BuildOption$Value org.gradle.api.internal.StartParameterInternal.getIsolatedProjects()'> (0x000000008e4695b8) 
thrown [s\open\src\hotspot\share\interpreter\linkResolver.cpp, line 774]
Event: 95.670 Thread 0x000001b229c23370 Exception <a 'java/lang/NoSuchMethodError'{0x000000008ddb3888}: 'org.gradle.internal.buildoption.BuildOption$Value org.gradle.api.internal.StartParameterInternal.getConfigurationCache()'> (0x000000008ddb3888) 
thrown [s\open\src\hotspot\share\interpreter\linkResolver.cpp, line 774]
Event: 95.708 Thread 0x000001b229c23370 Exception <a 'java/lang/NoSuchMethodError'{0x000000008dc80ca0}: static Lcom/android/build/gradle/internal/profile/ProjectData;.<clinit>()V> (0x000000008dc80ca0) 
thrown [s\open\src\hotspot\share\prims\jni.cpp, line 1107]
Event: 95.714 Thread 0x000001b229c23370 Exception <a 'java/lang/NoSuchMethodError'{0x000000008dc864e0}: 'long java.lang.invoke.DirectMethodHandle$Holder.invokeSpecial(java.lang.Object, java.lang.Object)'> (0x000000008dc864e0) 
thrown [s\open\src\hotspot\share\interpreter\linkResolver.cpp, line 774]
Event: 95.714 Thread 0x000001b229c23370 Exception <a 'java/lang/NoSuchMethodError'{0x000000008dc8a6f8}: 'long java.lang.invoke.Invokers$Holder.invokeExact_MT(java.lang.Object, java.lang.Object)'> (0x000000008dc8a6f8) 
thrown [s\open\src\hotspot\share\interpreter\linkResolver.cpp, line 774]
Event: 95.747 Thread 0x000001b229c23370 Exception <a 'java/lang/NoSuchMethodError'{0x000000008dcec790}: static Lcom/android/build/gradle/internal/profile/TaskMetadata;.<clinit>()V> (0x000000008dcec790) 
thrown [s\open\src\hotspot\share\prims\jni.cpp, line 1107]
Event: 95.851 Thread 0x000001b229c23370 Exception <a 'sun/nio/fs/WindowsException'{0x000000008daed440}> (0x000000008daed440) 
thrown [s\open\src\hotspot\share\prims\jni.cpp, line 517]
Event: 95.982 Thread 0x000001b22de50070 Exception <a 'java/lang/NoSuchMethodError'{0x000000008d770850}: 'void java.lang.invoke.DirectMethodHandle$Holder.invokeVirtual(java.lang.Object, java.lang.Object)'> (0x000000008d770850) 
thrown [s\open\src\hotspot\share\interpreter\linkResolver.cpp, line 774]
Event: 96.187 Thread 0x000001b22de50070 Implicit null exception at 0x000001b2166eb22c to 0x000001b2166eb4ec
Event: 98.493 Thread 0x000001b22de50070 Exception <a 'java/lang/NoSuchMethodError'{0x000000008dfbef08}: 'void java.lang.invoke.DirectMethodHandle$Holder.invokeInterface(java.lang.Object, java.lang.Object, java.lang.Object, int, java.lang.Object)'> (0x000000008dfbef08) 
thrown [s\open\src\hotspot\share\interpreter\linkResolver.cpp, line 774]
Event: 98.493 Thread 0x000001b22de50070 Exception <a 'java/lang/NoSuchMethodError'{0x000000008dfc3a38}: 'void java.lang.invoke.DelegatingMethodHandle$Holder.reinvoke_L(java.lang.Object, java.lang.Object, java.lang.Object, int, java.lang.Object)'> (0x000000008dfc3a38) 
thrown [s\open\src\hotspot\share\interpreter\linkResolver.cpp, line 774]

VM Operations (20 events):
Event: 93.011 Executing VM operation: Cleanup
Event: 93.012 Executing VM operation: Cleanup done
Event: 94.026 Executing VM operation: Cleanup
Event: 94.027 Executing VM operation: Cleanup done
Event: 94.467 Executing VM operation: G1CollectForAllocation
Event: 94.491 Executing VM operation: G1CollectForAllocation done
Event: 95.497 Executing VM operation: Cleanup
Event: 95.498 Executing VM operation: Cleanup done
Event: 95.732 Executing VM operation: HandshakeAllThreads
Event: 95.732 Executing VM operation: HandshakeAllThreads done
Event: 96.226 Executing VM operation: G1CollectForAllocation
Event: 96.247 Executing VM operation: G1CollectForAllocation done
Event: 97.254 Executing VM operation: Cleanup
Event: 97.259 Executing VM operation: Cleanup done
Event: 97.485 Executing VM operation: G1CollectForAllocation
Event: 97.504 Executing VM operation: G1CollectForAllocation done
Event: 97.772 Executing VM operation: HandshakeAllThreads
Event: 97.858 Executing VM operation: HandshakeAllThreads done
Event: 98.668 Executing VM operation: ICBufferFull
Event: 98.668 Executing VM operation: ICBufferFull done

Events (20 events):
Event: 95.950 Thread 0x000001b22e46b930 Thread added: 0x000001b22e46b930
Event: 97.140 Thread 0x000001b22d39d320 Thread added: 0x000001b22d39d320
Event: 97.858 Thread 0x000001b224553f80 flushing nmethod 0x000001b215f74490
Event: 97.862 Thread 0x000001b224553f80 flushing nmethod 0x000001b216560590
Event: 97.864 Thread 0x000001b224553f80 flushing nmethod 0x000001b20e4e8690
Event: 97.865 Thread 0x000001b224553f80 flushing nmethod 0x000001b20e5f4d10
Event: 97.865 Thread 0x000001b224553f80 flushing nmethod 0x000001b20e65b610
Event: 97.867 Thread 0x000001b224553f80 flushing nmethod 0x000001b20e8f4910
Event: 97.868 Thread 0x000001b224553f80 flushing nmethod 0x000001b20e9de210
Event: 97.868 Thread 0x000001b224553f80 flushing nmethod 0x000001b20e9e1810
Event: 97.869 Thread 0x000001b224553f80 flushing nmethod 0x000001b20eade290
Event: 97.870 Thread 0x000001b224553f80 flushing nmethod 0x000001b20eb7f590
Event: 97.871 Thread 0x000001b224553f80 flushing nmethod 0x000001b20ec95b10
Event: 97.871 Thread 0x000001b224553f80 flushing nmethod 0x000001b20ecad690
Event: 97.871 Thread 0x000001b224553f80 flushing nmethod 0x000001b20ecc0990
Event: 97.871 Thread 0x000001b224553f80 flushing nmethod 0x000001b20ecffc90
Event: 97.871 Thread 0x000001b224553f80 flushing nmethod 0x000001b20ed11190
Event: 97.871 Thread 0x000001b224553f80 flushing nmethod 0x000001b20ed31310
Event: 97.872 Thread 0x000001b224553f80 flushing nmethod 0x000001b20ee61290
Event: 97.883 Thread 0x000001b224553f80 flushing nmethod 0x000001b20fae7690


Dynamic libraries:
0x00007ff7573e0000 - 0x00007ff7573f0000 	C:\Program Files\Java\jdk-19\bin\java.exe
0x00007fff1a210000 - 0x00007fff1a408000 	C:\Windows\SYSTEM32\ntdll.dll
0x00007fff18270000 - 0x00007fff1832f000 	C:\Windows\System32\KERNEL32.DLL
0x00007fff17cb0000 - 0x00007fff17f8a000 	C:\Windows\System32\KERNELBASE.dll
0x00007fff180c0000 - 0x00007fff181c0000 	C:\Windows\System32\ucrtbase.dll
0x00007fff12fe0000 - 0x00007fff12ff8000 	C:\Program Files\Java\jdk-19\bin\jli.dll
0x00007fff18460000 - 0x00007fff1850e000 	C:\Windows\System32\ADVAPI32.dll
0x00007fff1a130000 - 0x00007fff1a1ce000 	C:\Windows\System32\msvcrt.dll
0x00007fff12760000 - 0x00007fff1277b000 	C:\Program Files\Java\jdk-19\bin\VCRUNTIME140.dll
0x00007fff187e0000 - 0x00007fff1887c000 	C:\Windows\System32\sechost.dll
0x00007fff18570000 - 0x00007fff18696000 	C:\Windows\System32\RPCRT4.dll
0x00007fff04330000 - 0x00007fff045ca000 	C:\Windows\WinSxS\amd64_microsoft.windows.common-controls_6595b64144ccf1df_6.0.19041.1110_none_60b5254171f9507e\COMCTL32.dll
0x00007fff18880000 - 0x00007fff18a1d000 	C:\Windows\System32\USER32.dll
0x00007fff187b0000 - 0x00007fff187db000 	C:\Windows\System32\GDI32.dll
0x00007fff17a10000 - 0x00007fff17a32000 	C:\Windows\System32\win32u.dll
0x00007fff17a40000 - 0x00007fff17b50000 	C:\Windows\System32\gdi32full.dll
0x00007fff17920000 - 0x00007fff179bd000 	C:\Windows\System32\msvcp_win.dll
0x00007fff11310000 - 0x00007fff1131a000 	C:\Windows\SYSTEM32\VERSION.dll
0x00007fff19950000 - 0x00007fff19980000 	C:\Windows\System32\IMM32.DLL
0x00007fff13060000 - 0x00007fff1306c000 	C:\Program Files\Java\jdk-19\bin\vcruntime140_1.dll
0x00007ffee4410000 - 0x00007ffee449e000 	C:\Program Files\Java\jdk-19\bin\msvcp140.dll
0x00007ffebd850000 - 0x00007ffebe510000 	C:\Program Files\Java\jdk-19\bin\server\jvm.dll
0x00007fff01b30000 - 0x00007fff01b39000 	C:\Windows\SYSTEM32\WSOCK32.dll
0x00007fff18bb0000 - 0x00007fff18c1b000 	C:\Windows\System32\WS2_32.dll
0x00007fff02880000 - 0x00007fff028a7000 	C:\Windows\SYSTEM32\WINMM.dll
0x00007fff16170000 - 0x00007fff16182000 	C:\Windows\SYSTEM32\kernel.appcore.dll
0x00007fff01b20000 - 0x00007fff01b2a000 	C:\Program Files\Java\jdk-19\bin\jimage.dll
0x00007fff15040000 - 0x00007fff15224000 	C:\Windows\SYSTEM32\DBGHELP.DLL
0x00007ffeff6a0000 - 0x00007ffeff6d4000 	C:\Windows\SYSTEM32\dbgcore.DLL
0x00007fff18030000 - 0x00007fff180b2000 	C:\Windows\System32\bcryptPrimitives.dll
0x00007fff01940000 - 0x00007fff01966000 	C:\Program Files\Java\jdk-19\bin\java.dll
0x00007ffee3af0000 - 0x00007ffee3bc7000 	C:\Program Files\Java\jdk-19\bin\jsvml.dll
0x00007fff199e0000 - 0x00007fff1a124000 	C:\Windows\System32\SHELL32.dll
0x00007fff159c0000 - 0x00007fff16153000 	C:\Windows\SYSTEM32\windows.storage.dll
0x00007fff18c20000 - 0x00007fff18f74000 	C:\Windows\System32\combase.dll
0x00007fff172a0000 - 0x00007fff172ce000 	C:\Windows\SYSTEM32\Wldp.dll
0x00007fff191b0000 - 0x00007fff1925d000 	C:\Windows\System32\SHCORE.dll
0x00007fff19140000 - 0x00007fff19195000 	C:\Windows\System32\shlwapi.dll
0x00007fff17860000 - 0x00007fff1787f000 	C:\Windows\SYSTEM32\profapi.dll
0x00007fff01920000 - 0x00007fff01933000 	C:\Program Files\Java\jdk-19\bin\net.dll
0x00007fff0f400000 - 0x00007fff0f50a000 	C:\Windows\SYSTEM32\WINHTTP.dll
0x00007fff17000000 - 0x00007fff1706a000 	C:\Windows\system32\mswsock.dll
0x00007fff01900000 - 0x00007fff01916000 	C:\Program Files\Java\jdk-19\bin\nio.dll
0x00007fff00830000 - 0x00007fff00848000 	C:\Program Files\Java\jdk-19\bin\zip.dll
0x00007fff01830000 - 0x00007fff01840000 	C:\Program Files\Java\jdk-19\bin\verify.dll
0x00007ffef7100000 - 0x00007ffef7127000 	C:\Users\Vishwanath Naik\.gradle\native\68d5fa5c4cc2d200863cafc0d521ce42e7d3e7ee720ec0a83991735586a16f82\windows-amd64\native-platform.dll
0x00007ffee36a0000 - 0x00007ffee37e4000 	C:\Users\Vishwanath Naik\.gradle\native\e376f236ea51e6404a007f0833ffe2c6e607c4080706a723a18a27aeea778392\windows-amd64\native-platform-file-events.dll
0x00007ffeffda0000 - 0x00007ffeffdaa000 	C:\Program Files\Java\jdk-19\bin\management.dll
0x00007ffeffd90000 - 0x00007ffeffd9b000 	C:\Program Files\Java\jdk-19\bin\management_ext.dll
0x00007fff18450000 - 0x00007fff18458000 	C:\Windows\System32\PSAPI.DLL
0x00007fff17200000 - 0x00007fff17218000 	C:\Windows\SYSTEM32\CRYPTSP.dll
0x00007fff16920000 - 0x00007fff16954000 	C:\Windows\system32\rsaenh.dll
0x00007fff17f90000 - 0x00007fff17fb7000 	C:\Windows\System32\bcrypt.dll
0x00007fff17820000 - 0x00007fff1784e000 	C:\Windows\SYSTEM32\USERENV.dll
0x00007fff171f0000 - 0x00007fff171fc000 	C:\Windows\SYSTEM32\CRYPTBASE.dll
0x00007fff16cf0000 - 0x00007fff16d2c000 	C:\Windows\SYSTEM32\IPHLPAPI.DLL
0x00007fff191a0000 - 0x00007fff191a8000 	C:\Windows\System32\NSI.dll
0x00007fff11500000 - 0x00007fff11517000 	C:\Windows\SYSTEM32\dhcpcsvc6.DLL
0x00007fff11320000 - 0x00007fff1133d000 	C:\Windows\SYSTEM32\dhcpcsvc.DLL
0x00007fff16d30000 - 0x00007fff16dfb000 	C:\Windows\SYSTEM32\DNSAPI.dll
0x00007ffefecb0000 - 0x00007ffefecb8000 	C:\Program Files\Java\jdk-19\bin\extnet.dll
0x00007ffefdee0000 - 0x00007ffefdeee000 	C:\Program Files\Java\jdk-19\bin\sunmscapi.dll
0x00007fff17b50000 - 0x00007fff17ca6000 	C:\Windows\System32\CRYPT32.dll
0x00007fff17310000 - 0x00007fff17338000 	C:\Windows\SYSTEM32\ncrypt.dll
0x00007fff172d0000 - 0x00007fff1730b000 	C:\Windows\SYSTEM32\NTASN1.dll
0x00007ffefced0000 - 0x00007ffefced7000 	C:\Windows\system32\wshunix.dll
0x00007fff0eb20000 - 0x00007fff0eb2a000 	C:\Windows\System32\rasadhlp.dll
0x00007fff0e7b0000 - 0x00007fff0e830000 	C:\Windows\System32\fwpuclnt.dll

dbghelp: loaded successfully - version: 4.0.5 - missing functions: none
symbol engine: initialized successfully - sym options: 0x614 - pdb path: .;C:\Program Files\Java\jdk-19\bin;C:\Windows\SYSTEM32;C:\Windows\WinSxS\amd64_microsoft.windows.common-controls_6595b64144ccf1df_6.0.19041.1110_none_60b5254171f9507e;C:\Program Files\Java\jdk-19\bin\server;C:\Users\Vishwanath Naik\.gradle\native\68d5fa5c4cc2d200863cafc0d521ce42e7d3e7ee720ec0a83991735586a16f82\windows-amd64;C:\Users\Vishwanath Naik\.gradle\native\e376f236ea51e6404a007f0833ffe2c6e607c4080706a723a18a27aeea778392\windows-amd64

VM Arguments:
jvm_args: -XX:MaxMetaspaceSize=512m --add-opens=java.base/java.util=ALL-UNNAMED --add-opens=java.base/java.lang=ALL-UNNAMED --add-opens=java.base/java.lang.invoke=ALL-UNNAMED --add-opens=java.prefs/java.util.prefs=ALL-UNNAMED --add-opens=java.base/java.nio.charset=ALL-UNNAMED --add-opens=java.base/java.net=ALL-UNNAMED --add-opens=java.base/java.util.concurrent.atomic=ALL-UNNAMED -Xmx2048m -Dfile.encoding=UTF-8 -Duser.country=IN -Duser.language=en -Duser.variant 
java_command: org.gradle.launcher.daemon.bootstrap.GradleDaemon 8.0.1
java_class_path (initial): C:\Users\Vishwanath Naik\.gradle\wrapper\dists\gradle-8.0.1-all\aro4hu1c3oeioove7l0i4i14o\gradle-8.0.1\lib\gradle-launcher-8.0.1.jar
Launcher Type: SUN_STANDARD

[Global flags]
     intx CICompilerCount                          = 3                                         {product} {ergonomic}
   size_t CompressedClassSpaceSize                 = 432013312                                 {product} {ergonomic}
     uint ConcGCThreads                            = 1                                         {product} {ergonomic}
     uint G1ConcRefinementThreads                  = 4                                         {product} {ergonomic}
   size_t G1HeapRegionSize                         = 1048576                                   {product} {ergonomic}
    uintx GCDrainStackTargetSize                   = 64                                        {product} {ergonomic}
   size_t InitialHeapSize                          = 134217728                                 {product} {ergonomic}
   size_t MarkStackSize                            = 4194304                                   {product} {ergonomic}
   size_t MaxHeapSize                              = 2147483648                                {product} {command line}
   size_t MaxMetaspaceSize                         = 536870912                                 {product} {command line}
   size_t MaxNewSize                               = 1287651328                                {product} {ergonomic}
   size_t MinHeapDeltaBytes                        = 1048576                                   {product} {ergonomic}
   size_t MinHeapSize                              = 8388608                                   {product} {ergonomic}
    uintx NonNMethodCodeHeapSize                   = 5832780                                {pd product} {ergonomic}
    uintx NonProfiledCodeHeapSize                  = 122912730                              {pd product} {ergonomic}
    uintx ProfiledCodeHeapSize                     = 122912730                              {pd product} {ergonomic}
    uintx ReservedCodeCacheSize                    = 251658240                              {pd product} {ergonomic}
     bool SegmentedCodeCache                       = true                                      {product} {ergonomic}
   size_t SoftMaxHeapSize                          = 2147483648                             {manageable} {ergonomic}
     bool UseCompressedClassPointers               = true                           {product lp64_product} {ergonomic}
     bool UseCompressedOops                        = true                           {product lp64_product} {ergonomic}
     bool UseG1GC                                  = true                                      {product} {ergonomic}
     bool UseLargePagesIndividualAllocation        = false                                  {pd product} {ergonomic}

Logging:
Log output configuration:
 #0: stdout all=warning uptime,level,tags foldmultilines=false
 #1: stderr all=off uptime,level,tags foldmultilines=false

Environment Variables:
CLASSPATH=D:\AAV\aMentor-backend\mentorproject\mentor\android\\gradle\wrapper\gradle-wrapper.jar
PATH=C:\Program Files\Common Files\Oracle\Java\javapath;C:\Program Files (x86)\Common Files\Intel\Shared Libraries\redist\intel64\compiler;C:\Python310\Scripts\;C:\Python310\;C:\Windows\system32;C:\Windows;C:\Windows\System32\Wbem;C:\Windows\System32\WindowsPowerShell\v1.0\;C:\Windows\System32\OpenSSH\;C:\Program Files (x86)\NVIDIA Corporation\PhysX\Common;C:\Program Files\nodejs\;C:\ProgramData\chocolatey\bin;C:\Program Files\MongoDB\Server\5.0\bin;C:\Program Files\Git\cmd;C:\Program Files\Java\jdk-19\bin;C:\Program Files\PuTTY\;C:\Users\Vishwanath Naik\AppData\Local\Microsoft\WindowsApps;C:\Users\Vishwanath Naik\AppData\Local\Programs\Microsoft VS Code\bin;C:\Users\Vishwanath Naik\AppData\Roaming\npm;C:\Program Files\nodejs;C:\Program Files\Git\bin;C:\Program Files\Git\cmd;C:\Program Files\MongoDB\Server\5.0\bin;C:\Users\Vishwanath Naik\Downloads\flutter\bin;C:\Users\Vishwanath Naik\AppData\Local\Android\Sdk\platform-tools;C:\Users\Vishwanath Naik\AppData\Roaming\npm;
USERNAME=Vishwanath Naik
LANG=en_US.UTF-8
OS=Windows_NT
PROCESSOR_IDENTIFIER=Intel64 Family 6 Model 142 Stepping 9, GenuineIntel
TMP=C:\Users\VISHWA~1\AppData\Local\Temp
TEMP=C:\Users\VISHWA~1\AppData\Local\Temp



---------------  S Y S T E M  ---------------

OS:
 Windows 10 , 64 bit Build 19041 (10.0.19041.2788)
OS uptime: 0 days 20:22 hours

CPU: total 4 (initial active 4) (2 cores per cpu, 2 threads per core) family 6 model 142 stepping 9 microcode 0xb4, cx8, cmov, fxsr, ht, mmx, 3dnowpref, sse, sse2, sse3, ssse3, sse4.1, sse4.2, popcnt, lzcnt, tsc, tscinvbit, avx, avx2, aes, erms, clmul, bmi1, bmi2, adx, fma, vzeroupper, clflush, clflushopt, rdtscp

Memory: 4k page, system-wide physical 8077M (958M free)
TotalPageFile size 32653M (AvailPageFile size 5M)
current process WorkingSet (physical memory assigned to process): 538M, peak: 540M
current process commit charge ("private bytes"): 578M, peak: 582M

vm_info: Java HotSpot(TM) 64-Bit Server VM (19.0.2+7-44) for windows-amd64 JRE (19.0.2+7-44), built on 2022-11-30T18:02:09Z by "mach5one" with MS VC++ 17.1 (VS2022)

END.
